#
# There is insufficient memory for the Java Runtime Environment to continue.
# Native memory allocation (malloc) failed to allocate 741056 bytes for Chunk::new
# Possible reasons:
#   The system is out of physical RAM or swap space
#   The process is running with CompressedOops enabled, and the Java Heap may be blocking the growth of the native heap
# Possible solutions:
#   Reduce memory load on the system
#   Increase physical memory or swap space
#   Check if swap backing store is full
#   Decrease Java heap size (-Xmx/-Xms)
#   Decrease number of Java threads
#   Decrease Java thread stack sizes (-Xss)
#   Set larger code cache with -XX:ReservedCodeCacheSize=
#   JVM is running with Unscaled Compressed Oops mode in which the Java heap is
#     placed in the first 4GB address space. The Java Heap base address is the
#     maximum limit for the native heap growth. Please use -XX:HeapBaseMinAddress
#     to set the Java Heap base and to place the Java Heap above 4GB virtual address.
# This output file may be truncated or incomplete.
#
#  Out of Memory Error (./src/hotspot/share/memory/arena.cpp:197), pid=6476, tid=3692
#
# JRE version: OpenJDK Runtime Environment (11.0.10) (build 11.0.10+0-b96-7249189)
# Java VM: OpenJDK 64-Bit Server VM (11.0.10+0-b96-7249189, mixed mode, tiered, compressed oops, g1 gc, windows-amd64)
# No core dump will be written. Minidumps are not enabled by default on client versions of Windows
#

---------------  S U M M A R Y ------------

Command Line: --add-opens=java.base/java.util=ALL-UNNAMED --add-opens=java.base/java.lang=ALL-UNNAMED --add-opens=java.base/java.lang.invoke=ALL-UNNAMED --add-opens=java.base/java.util=ALL-UNNAMED --add-opens=java.prefs/java.util.prefs=ALL-UNNAMED --add-opens=java.prefs/java.util.prefs=ALL-UNNAMED --add-opens=java.base/java.nio.charset=ALL-UNNAMED --add-opens=java.base/java.net=ALL-UNNAMED --add-opens=java.base/java.util.concurrent.atomic=ALL-UNNAMED -Xmx2048m -Dfile.encoding=UTF-8 -Duser.country=FR -Duser.language=fr -Duser.variant org.gradle.launcher.daemon.bootstrap.GradleDaemon 7.0.2

Host: Intel(R) Celeron(R) N4000 CPU @ 1.10GHz, 2 cores, 3G,  Windows 10 , 64 bit Build 19041 (10.0.19041.1348)
Time: Wed Dec 22 12:39:18 2021 Temps universel coordonné elapsed time: 41.918382 seconds (0d 0h 0m 41s)

---------------  T H R E A D  ---------------

Current thread (0x000001a6dda90800):  JavaThread "C2 CompilerThread0" daemon [_thread_in_native, id=3692, stack(0x000000981bb00000,0x000000981bc00000)]


Current CompileTask:
C2:  41918 6611 %     4       org.gradle.internal.instantiation.generator.AbstractClassGenerator::inspectType @ 341 (560 bytes)

Stack: [0x000000981bb00000,0x000000981bc00000]
Native frames: (J=compiled Java code, j=interpreted, Vv=VM code, C=native code)
V  [jvm.dll+0x5ecfaa]
V  [jvm.dll+0x722bd5]
V  [jvm.dll+0x72412d]
V  [jvm.dll+0x7247e3]
V  [jvm.dll+0x242928]
V  [jvm.dll+0xbc4fc]
V  [jvm.dll+0xbca0c]
V  [jvm.dll+0x2b4fd4]
V  [jvm.dll+0x506028]
V  [jvm.dll+0x1fc985]
V  [jvm.dll+0x1fa77f]
V  [jvm.dll+0x18354c]
V  [jvm.dll+0x208ee7]
V  [jvm.dll+0x207731]
V  [jvm.dll+0x6eb1cf]
V  [jvm.dll+0x6e3d45]
V  [jvm.dll+0x5ebe96]
C  [ucrtbase.dll+0x21bb2]
C  [KERNEL32.DLL+0x17034]
C  [ntdll.dll+0x52651]


---------------  P R O C E S S  ---------------

Threads class SMR info:
_java_thread_list=0x000001a6e5230bb0, length=38, elements={
0x000001a6c435c000, 0x000001a6dda2d800, 0x000001a6dda39800, 0x000001a6dda8c000,
0x000001a6dda8d000, 0x000001a6dda8f000, 0x000001a6dda90800, 0x000001a6ddab6800,
0x000001a6ddabe000, 0x000001a6de527000, 0x000001a6df331800, 0x000001a6df1de800,
0x000001a6df1df800, 0x000001a6dff07800, 0x000001a6dff08000, 0x000001a6df966000,
0x000001a6dfd60800, 0x000001a6df876800, 0x000001a6df877000, 0x000001a6dfc96000,
0x000001a6dfc90800, 0x000001a6dfc92000, 0x000001a6dfc93800, 0x000001a6dfc94800,
0x000001a6dfc97000, 0x000001a6dfc91000, 0x000001a6dfc93000, 0x000001a6dfc95000,
0x000001a6e25c2000, 0x000001a6e25be800, 0x000001a6e25bf800, 0x000001a6e25c2800,
0x000001a6e25c3800, 0x000001a6e25c5000, 0x000001a6e25c4800, 0x000001a6e25c7800,
0x000001a6e25c6000, 0x000001a6e25ca000
}

Java Threads: ( => current thread )
  0x000001a6c435c000 JavaThread "main" [_thread_blocked, id=5820, stack(0x000000981af00000,0x000000981b000000)]
  0x000001a6dda2d800 JavaThread "Reference Handler" daemon [_thread_blocked, id=2012, stack(0x000000981b600000,0x000000981b700000)]
  0x000001a6dda39800 JavaThread "Finalizer" daemon [_thread_blocked, id=7816, stack(0x000000981b700000,0x000000981b800000)]
  0x000001a6dda8c000 JavaThread "Signal Dispatcher" daemon [_thread_blocked, id=11120, stack(0x000000981b800000,0x000000981b900000)]
  0x000001a6dda8d000 JavaThread "Attach Listener" daemon [_thread_blocked, id=10752, stack(0x000000981b900000,0x000000981ba00000)]
  0x000001a6dda8f000 JavaThread "Service Thread" daemon [_thread_blocked, id=6920, stack(0x000000981ba00000,0x000000981bb00000)]
=>0x000001a6dda90800 JavaThread "C2 CompilerThread0" daemon [_thread_in_native, id=3692, stack(0x000000981bb00000,0x000000981bc00000)]
  0x000001a6ddab6800 JavaThread "C1 CompilerThread0" daemon [_thread_blocked, id=7696, stack(0x000000981bc00000,0x000000981bd00000)]
  0x000001a6ddabe000 JavaThread "Sweeper thread" daemon [_thread_blocked, id=11260, stack(0x000000981bd00000,0x000000981be00000)]
  0x000001a6de527000 JavaThread "Common-Cleaner" daemon [_thread_blocked, id=6560, stack(0x000000981be00000,0x000000981bf00000)]
  0x000001a6df331800 JavaThread "Daemon health stats" [_thread_blocked, id=11000, stack(0x000000981c100000,0x000000981c200000)]
  0x000001a6df1de800 JavaThread "Incoming local TCP Connector on port 3988" [_thread_in_native, id=7624, stack(0x000000981c200000,0x000000981c300000)]
  0x000001a6df1df800 JavaThread "Daemon periodic checks" [_thread_blocked, id=6328, stack(0x000000981c300000,0x000000981c400000)]
  0x000001a6dff07800 JavaThread "Daemon" [_thread_blocked, id=2420, stack(0x000000981c400000,0x000000981c500000)]
  0x000001a6dff08000 JavaThread "Handler for socket connection from /127.0.0.1:3988 to /127.0.0.1:3989" [_thread_in_native, id=10716, stack(0x000000981c500000,0x000000981c600000)]
  0x000001a6df966000 JavaThread "Cancel handler" [_thread_blocked, id=5828, stack(0x000000981c600000,0x000000981c700000)]
  0x000001a6dfd60800 JavaThread "Daemon worker" [_thread_in_Java, id=5472, stack(0x000000981c700000,0x000000981c800000)]
  0x000001a6df876800 JavaThread "Asynchronous log dispatcher for DefaultDaemonConnection: socket connection from /127.0.0.1:3988 to /127.0.0.1:3989" [_thread_blocked, id=9240, stack(0x000000981c800000,0x000000981c900000)]
  0x000001a6df877000 JavaThread "Stdin handler" [_thread_blocked, id=10276, stack(0x000000981c900000,0x000000981ca00000)]
  0x000001a6dfc96000 JavaThread "Daemon client event forwarder" [_thread_blocked, id=676, stack(0x000000981ca00000,0x000000981cb00000)]
  0x000001a6dfc90800 JavaThread "Cache worker for file hash cache (C:\Users\dev-christ\.gradle\caches\7.0.2\fileHashes)" [_thread_blocked, id=9468, stack(0x000000981cb00000,0x000000981cc00000)]
  0x000001a6dfc92000 JavaThread "File lock request listener" [_thread_in_native, id=3280, stack(0x000000981cc00000,0x000000981cd00000)]
  0x000001a6dfc93800 JavaThread "Cache worker for journal cache (C:\Users\dev-christ\.gradle\caches\journal-1)" [_thread_blocked, id=3324, stack(0x000000981cd00000,0x000000981ce00000)]
  0x000001a6dfc94800 JavaThread "Cache worker for file hash cache (C:\Users\dev-christ\AndroidStudioProjects\chrono\.gradle\7.0.2\fileHashes)" [_thread_blocked, id=3176, stack(0x000000981ce00000,0x000000981cf00000)]
  0x000001a6dfc97000 JavaThread "File watcher server" daemon [_thread_in_native, id=10656, stack(0x000000981cf00000,0x000000981d000000)]
  0x000001a6dfc91000 JavaThread "File watcher consumer" daemon [_thread_blocked, id=10708, stack(0x000000981d000000,0x000000981d100000)]
  0x000001a6dfc93000 JavaThread "Cache worker for checksums cache (C:\Users\dev-christ\AndroidStudioProjects\chrono\.gradle\checksums)" [_thread_blocked, id=8844, stack(0x000000981d100000,0x000000981d200000)]
  0x000001a6dfc95000 JavaThread "Cache worker for cache directory md-supplier (C:\Users\dev-christ\.gradle\caches\7.0.2\md-supplier)" [_thread_blocked, id=4292, stack(0x000000981d200000,0x000000981d300000)]
  0x000001a6e25c2000 JavaThread "Cache worker for cache directory md-rule (C:\Users\dev-christ\.gradle\caches\7.0.2\md-rule)" [_thread_blocked, id=3316, stack(0x000000981d300000,0x000000981d400000)]
  0x000001a6e25be800 JavaThread "Cache worker for execution history cache (C:\Users\dev-christ\.gradle\caches\7.0.2\executionHistory)" [_thread_blocked, id=10936, stack(0x000000981d400000,0x000000981d500000)]
  0x000001a6e25bf800 JavaThread "jar transforms" [_thread_blocked, id=9984, stack(0x000000981d500000,0x000000981d600000)]
  0x000001a6e25c2800 JavaThread "jar transforms Thread 2" [_thread_blocked, id=3844, stack(0x000000981d600000,0x000000981d700000)]
  0x000001a6e25c3800 JavaThread "Cache worker for file content cache (C:\Users\dev-christ\.gradle\caches\7.0.2\fileContent)" [_thread_blocked, id=8820, stack(0x000000981d700000,0x000000981d800000)]
  0x000001a6e25c5000 JavaThread "Cache worker for dependencies-accessors (C:\Users\dev-christ\AndroidStudioProjects\chrono\.gradle\7.0.2\dependencies-accessors)" [_thread_blocked, id=5052, stack(0x000000981d800000,0x000000981d900000)]
  0x000001a6e25c4800 JavaThread "Cache worker for Build Output Cleanup Cache (C:\Users\dev-christ\AndroidStudioProjects\chrono\.gradle\buildOutputCleanup)" [_thread_blocked, id=7116, stack(0x000000981d900000,0x000000981da00000)]
  0x000001a6e25c7800 JavaThread "Build operations" [_thread_blocked, id=7292, stack(0x000000981da00000,0x000000981db00000)]
  0x000001a6e25c6000 JavaThread "Build operations Thread 2" [_thread_blocked, id=5960, stack(0x000000981db00000,0x000000981dc00000)]
  0x000001a6e25ca000 JavaThread "Memory manager" [_thread_blocked, id=11216, stack(0x000000981dc00000,0x000000981dd00000)]

Other Threads:
  0x000001a6dda2a000 VMThread "VM Thread" [stack: 0x000000981b500000,0x000000981b600000] [id=1960]
  0x000001a6de552000 WatcherThread [stack: 0x000000981bf00000,0x000000981c000000] [id=10888]
  0x000001a6c4373000 GCTaskThread "GC Thread#0" [stack: 0x000000981b000000,0x000000981b100000] [id=4572]
  0x000001a6de629800 GCTaskThread "GC Thread#1" [stack: 0x000000981c000000,0x000000981c100000] [id=1576]
  0x000001a6c43a6800 ConcurrentGCThread "G1 Main Marker" [stack: 0x000000981b100000,0x000000981b200000] [id=10732]
  0x000001a6c43a7800 ConcurrentGCThread "G1 Conc#0" [stack: 0x000000981b200000,0x000000981b300000] [id=4700]
  0x000001a6c43fc800 ConcurrentGCThread "G1 Refine#0" [stack: 0x000000981b300000,0x000000981b400000] [id=5524]
  0x000001a6c43fd800 ConcurrentGCThread "G1 Young RemSet Sampling" [stack: 0x000000981b400000,0x000000981b500000] [id=11180]

Threads with active compile tasks:
C2 CompilerThread0  41987 6611 %     4       org.gradle.internal.instantiation.generator.AbstractClassGenerator::inspectType @ 341 (560 bytes)

VM state:not at safepoint (normal execution)

VM Mutex/Monitor currently owned by a thread: None

Heap address: 0x0000000080000000, size: 2048 MB, Compressed Oops mode: 32-bit
Narrow klass base: 0x0000000000000000, Narrow klass shift: 3
Compressed class space size: 1073741824 Address: 0x0000000100000000

Heap:
 garbage-first heap   total 92160K, used 61743K [0x0000000080000000, 0x0000000100000000)
  region size 1024K, 9 young (9216K), 2 survivors (2048K)
 Metaspace       used 69856K, capacity 71559K, committed 71680K, reserved 1112064K
  class space    used 9030K, capacity 9652K, committed 9728K, reserved 1048576K
Heap Regions: E=young(eden), S=young(survivor), O=old, HS=humongous(starts), HC=humongous(continues), CS=collection set, F=free, A=archive, TAMS=top-at-mark-start (previous, next)
|   0|0x0000000080000000, 0x0000000080100000, 0x0000000080100000|100%| O|  |TAMS 0x0000000080100000, 0x0000000080000000| Untracked 
|   1|0x0000000080100000, 0x0000000080200000, 0x0000000080200000|100%| O|  |TAMS 0x0000000080200000, 0x0000000080100000| Untracked 
|   2|0x0000000080200000, 0x0000000080300000, 0x0000000080300000|100%| O|  |TAMS 0x0000000080300000, 0x0000000080200000| Untracked 
|   3|0x0000000080300000, 0x0000000080400000, 0x0000000080400000|100%| O|  |TAMS 0x0000000080400000, 0x0000000080300000| Untracked 
|   4|0x0000000080400000, 0x0000000080500000, 0x0000000080500000|100%|HS|  |TAMS 0x0000000080500000, 0x0000000080400000| Complete 
|   5|0x0000000080500000, 0x0000000080600000, 0x0000000080600000|100%|HC|  |TAMS 0x0000000080600000, 0x0000000080500000| Complete 
|   6|0x0000000080600000, 0x0000000080700000, 0x0000000080700000|100%|HC|  |TAMS 0x0000000080700000, 0x0000000080600000| Complete 
|   7|0x0000000080700000, 0x0000000080800000, 0x0000000080800000|100%| O|  |TAMS 0x0000000080800000, 0x0000000080700000| Untracked 
|   8|0x0000000080800000, 0x0000000080900000, 0x0000000080900000|100%| O|  |TAMS 0x0000000080900000, 0x0000000080800000| Untracked 
|   9|0x0000000080900000, 0x0000000080a00000, 0x0000000080a00000|100%| O|  |TAMS 0x0000000080a00000, 0x0000000080900000| Untracked 
|  10|0x0000000080a00000, 0x0000000080b00000, 0x0000000080b00000|100%| O|  |TAMS 0x0000000080b00000, 0x0000000080a00000| Untracked 
|  11|0x0000000080b00000, 0x0000000080c00000, 0x0000000080c00000|100%| O|  |TAMS 0x0000000080c00000, 0x0000000080b00000| Untracked 
|  12|0x0000000080c00000, 0x0000000080d00000, 0x0000000080d00000|100%| O|  |TAMS 0x0000000080d00000, 0x0000000080c00000| Untracked 
|  13|0x0000000080d00000, 0x0000000080e00000, 0x0000000080e00000|100%| O|  |TAMS 0x0000000080e00000, 0x0000000080d00000| Untracked 
|  14|0x0000000080e00000, 0x0000000080f00000, 0x0000000080f00000|100%| O|  |TAMS 0x0000000080f00000, 0x0000000080e00000| Untracked 
|  15|0x0000000080f00000, 0x0000000081000000, 0x0000000081000000|100%| O|  |TAMS 0x0000000081000000, 0x0000000080f00000| Untracked 
|  16|0x0000000081000000, 0x0000000081100000, 0x0000000081100000|100%| O|  |TAMS 0x0000000081100000, 0x0000000081000000| Untracked 
|  17|0x0000000081100000, 0x0000000081200000, 0x0000000081200000|100%| O|  |TAMS 0x0000000081200000, 0x0000000081100000| Untracked 
|  18|0x0000000081200000, 0x0000000081300000, 0x0000000081300000|100%| O|  |TAMS 0x0000000081300000, 0x0000000081200000| Untracked 
|  19|0x0000000081300000, 0x0000000081400000, 0x0000000081400000|100%| O|  |TAMS 0x0000000081400000, 0x0000000081300000| Untracked 
|  20|0x0000000081400000, 0x0000000081500000, 0x0000000081500000|100%| O|  |TAMS 0x0000000081500000, 0x0000000081400000| Untracked 
|  21|0x0000000081500000, 0x0000000081600000, 0x0000000081600000|100%| O|  |TAMS 0x0000000081600000, 0x0000000081500000| Untracked 
|  22|0x0000000081600000, 0x0000000081700000, 0x0000000081700000|100%| O|  |TAMS 0x0000000081700000, 0x0000000081600000| Untracked 
|  23|0x0000000081700000, 0x0000000081800000, 0x0000000081800000|100%| O|  |TAMS 0x0000000081800000, 0x0000000081700000| Untracked 
|  24|0x0000000081800000, 0x0000000081900000, 0x0000000081900000|100%| O|  |TAMS 0x0000000081900000, 0x0000000081800000| Untracked 
|  25|0x0000000081900000, 0x0000000081a00000, 0x0000000081a00000|100%| O|  |TAMS 0x0000000081a00000, 0x0000000081900000| Untracked 
|  26|0x0000000081a00000, 0x0000000081b00000, 0x0000000081b00000|100%| O|  |TAMS 0x0000000081b00000, 0x0000000081a00000| Untracked 
|  27|0x0000000081b00000, 0x0000000081c00000, 0x0000000081c00000|100%|HS|  |TAMS 0x0000000081c00000, 0x0000000081b00000| Complete 
|  28|0x0000000081c00000, 0x0000000081d00000, 0x0000000081d00000|100%|HS|  |TAMS 0x0000000081d00000, 0x0000000081c00000| Complete 
|  29|0x0000000081d00000, 0x0000000081e00000, 0x0000000081e00000|100%|HS|  |TAMS 0x0000000081e00000, 0x0000000081d00000| Complete 
|  30|0x0000000081e00000, 0x0000000081f00000, 0x0000000081f00000|100%|HC|  |TAMS 0x0000000081f00000, 0x0000000081e00000| Complete 
|  31|0x0000000081f00000, 0x0000000082000000, 0x0000000082000000|100%| O|  |TAMS 0x0000000082000000, 0x0000000081f00000| Untracked 
|  32|0x0000000082000000, 0x0000000082100000, 0x0000000082100000|100%| O|  |TAMS 0x0000000082100000, 0x0000000082000000| Untracked 
|  33|0x0000000082100000, 0x0000000082200000, 0x0000000082200000|100%| O|  |TAMS 0x0000000082200000, 0x0000000082100000| Untracked 
|  34|0x0000000082200000, 0x0000000082300000, 0x0000000082300000|100%| O|  |TAMS 0x0000000082300000, 0x0000000082200000| Untracked 
|  35|0x0000000082300000, 0x0000000082400000, 0x0000000082400000|100%| O|  |TAMS 0x0000000082400000, 0x0000000082300000| Untracked 
|  36|0x0000000082400000, 0x0000000082500000, 0x0000000082500000|100%| O|  |TAMS 0x0000000082500000, 0x0000000082400000| Untracked 
|  37|0x0000000082500000, 0x0000000082600000, 0x0000000082600000|100%| O|  |TAMS 0x0000000082600000, 0x0000000082500000| Untracked 
|  38|0x0000000082600000, 0x0000000082700000, 0x0000000082700000|100%| O|  |TAMS 0x0000000082700000, 0x0000000082600000| Untracked 
|  39|0x0000000082700000, 0x0000000082800000, 0x0000000082800000|100%| O|  |TAMS 0x0000000082800000, 0x0000000082700000| Untracked 
|  40|0x0000000082800000, 0x0000000082900000, 0x0000000082900000|100%| O|  |TAMS 0x0000000082900000, 0x0000000082800000| Untracked 
|  41|0x0000000082900000, 0x0000000082a00000, 0x0000000082a00000|100%| O|  |TAMS 0x0000000082a00000, 0x0000000082900000| Untracked 
|  42|0x0000000082a00000, 0x0000000082b00000, 0x0000000082b00000|100%| O|  |TAMS 0x0000000082b00000, 0x0000000082a00000| Untracked 
|  43|0x0000000082b00000, 0x0000000082c00000, 0x0000000082c00000|100%| O|  |TAMS 0x0000000082c00000, 0x0000000082b00000| Untracked 
|  44|0x0000000082c00000, 0x0000000082d00000, 0x0000000082d00000|100%| O|  |TAMS 0x0000000082d00000, 0x0000000082c00000| Untracked 
|  45|0x0000000082d00000, 0x0000000082e00000, 0x0000000082e00000|100%| O|  |TAMS 0x0000000082e00000, 0x0000000082d00000| Untracked 
|  46|0x0000000082e00000, 0x0000000082f00000, 0x0000000082f00000|100%| O|  |TAMS 0x0000000082f00000, 0x0000000082e00000| Untracked 
|  47|0x0000000082f00000, 0x0000000083000000, 0x0000000083000000|100%| O|  |TAMS 0x0000000083000000, 0x0000000082f00000| Untracked 
|  48|0x0000000083000000, 0x0000000083100000, 0x0000000083100000|100%| O|  |TAMS 0x0000000083100000, 0x0000000083000000| Untracked 
|  49|0x0000000083100000, 0x0000000083200000, 0x0000000083200000|100%| O|  |TAMS 0x0000000083200000, 0x0000000083100000| Untracked 
|  50|0x0000000083200000, 0x0000000083300000, 0x0000000083300000|100%| O|  |TAMS 0x0000000083300000, 0x0000000083200000| Untracked 
|  51|0x0000000083300000, 0x0000000083400000, 0x0000000083400000|100%| O|  |TAMS 0x0000000083400000, 0x0000000083300000| Untracked 
|  52|0x0000000083400000, 0x000000008344be00, 0x0000000083500000| 29%| O|  |TAMS 0x000000008344be00, 0x0000000083400000| Untracked 
|  53|0x0000000083500000, 0x0000000083500000, 0x0000000083600000|  0%| F|  |TAMS 0x0000000083500000, 0x0000000083500000| Untracked 
|  54|0x0000000083600000, 0x0000000083600000, 0x0000000083700000|  0%| F|  |TAMS 0x0000000083600000, 0x0000000083600000| Untracked 
|  55|0x0000000083700000, 0x0000000083700000, 0x0000000083800000|  0%| F|  |TAMS 0x0000000083700000, 0x0000000083700000| Untracked 
|  56|0x0000000083800000, 0x0000000083800000, 0x0000000083900000|  0%| F|  |TAMS 0x0000000083800000, 0x0000000083800000| Untracked 
|  57|0x0000000083900000, 0x0000000083900000, 0x0000000083a00000|  0%| F|  |TAMS 0x0000000083900000, 0x0000000083900000| Untracked 
|  58|0x0000000083a00000, 0x0000000083a00000, 0x0000000083b00000|  0%| F|  |TAMS 0x0000000083a00000, 0x0000000083a00000| Untracked 
|  59|0x0000000083b00000, 0x0000000083b00000, 0x0000000083c00000|  0%| F|  |TAMS 0x0000000083b00000, 0x0000000083b00000| Untracked 
|  60|0x0000000083c00000, 0x0000000083c00000, 0x0000000083d00000|  0%| F|  |TAMS 0x0000000083c00000, 0x0000000083c00000| Untracked 
|  61|0x0000000083d00000, 0x0000000083d00000, 0x0000000083e00000|  0%| F|  |TAMS 0x0000000083d00000, 0x0000000083d00000| Untracked 
|  62|0x0000000083e00000, 0x0000000083e00000, 0x0000000083f00000|  0%| F|  |TAMS 0x0000000083e00000, 0x0000000083e00000| Untracked 
|  63|0x0000000083f00000, 0x0000000083f00000, 0x0000000084000000|  0%| F|  |TAMS 0x0000000083f00000, 0x0000000083f00000| Untracked 
|  64|0x0000000084000000, 0x0000000084000000, 0x0000000084100000|  0%| F|  |TAMS 0x0000000084000000, 0x0000000084000000| Untracked 
|  65|0x0000000084100000, 0x0000000084100000, 0x0000000084200000|  0%| F|  |TAMS 0x0000000084100000, 0x0000000084100000| Untracked 
|  66|0x0000000084200000, 0x0000000084200000, 0x0000000084300000|  0%| F|  |TAMS 0x0000000084200000, 0x0000000084200000| Untracked 
|  67|0x0000000084300000, 0x0000000084300000, 0x0000000084400000|  0%| F|  |TAMS 0x0000000084300000, 0x0000000084300000| Untracked 
|  68|0x0000000084400000, 0x0000000084400000, 0x0000000084500000|  0%| F|  |TAMS 0x0000000084400000, 0x0000000084400000| Untracked 
|  69|0x0000000084500000, 0x0000000084600000, 0x0000000084600000|100%| S|CS|TAMS 0x0000000084500000, 0x0000000084500000| Complete 
|  70|0x0000000084600000, 0x0000000084700000, 0x0000000084700000|100%| S|CS|TAMS 0x0000000084600000, 0x0000000084600000| Complete 
|  71|0x0000000084700000, 0x0000000084700000, 0x0000000084800000|  0%| F|  |TAMS 0x0000000084700000, 0x0000000084700000| Untracked 
|  72|0x0000000084800000, 0x0000000084800000, 0x0000000084900000|  0%| F|  |TAMS 0x0000000084800000, 0x0000000084800000| Untracked 
|  73|0x0000000084900000, 0x0000000084900000, 0x0000000084a00000|  0%| F|  |TAMS 0x0000000084900000, 0x0000000084900000| Untracked 
|  74|0x0000000084a00000, 0x0000000084a00000, 0x0000000084b00000|  0%| F|  |TAMS 0x0000000084a00000, 0x0000000084a00000| Untracked 
|  75|0x0000000084b00000, 0x0000000084b00000, 0x0000000084c00000|  0%| F|  |TAMS 0x0000000084b00000, 0x0000000084b00000| Untracked 
|  76|0x0000000084c00000, 0x0000000084c00000, 0x0000000084d00000|  0%| F|  |TAMS 0x0000000084c00000, 0x0000000084c00000| Untracked 
|  77|0x0000000084d00000, 0x0000000084d00000, 0x0000000084e00000|  0%| F|  |TAMS 0x0000000084d00000, 0x0000000084d00000| Untracked 
|  78|0x0000000084e00000, 0x0000000084e00000, 0x0000000084f00000|  0%| F|  |TAMS 0x0000000084e00000, 0x0000000084e00000| Untracked 
|  79|0x0000000084f00000, 0x0000000084f00000, 0x0000000085000000|  0%| F|  |TAMS 0x0000000084f00000, 0x0000000084f00000| Untracked 
|  80|0x0000000085000000, 0x0000000085000000, 0x0000000085100000|  0%| F|  |TAMS 0x0000000085000000, 0x0000000085000000| Untracked 
|  81|0x0000000085100000, 0x0000000085100000, 0x0000000085200000|  0%| F|  |TAMS 0x0000000085100000, 0x0000000085100000| Untracked 
|  82|0x0000000085200000, 0x0000000085200000, 0x0000000085300000|  0%| F|  |TAMS 0x0000000085200000, 0x0000000085200000| Untracked 
|  83|0x0000000085300000, 0x00000000853b6a90, 0x0000000085400000| 71%| E|  |TAMS 0x0000000085300000, 0x0000000085300000| Complete 
|  84|0x0000000085400000, 0x0000000085500000, 0x0000000085500000|100%| E|CS|TAMS 0x0000000085400000, 0x0000000085400000| Complete 
|  85|0x0000000085500000, 0x0000000085600000, 0x0000000085600000|100%| E|CS|TAMS 0x0000000085500000, 0x0000000085500000| Complete 
|  86|0x0000000085600000, 0x0000000085700000, 0x0000000085700000|100%| E|CS|TAMS 0x0000000085600000, 0x0000000085600000| Complete 
|  87|0x0000000085700000, 0x0000000085800000, 0x0000000085800000|100%| E|CS|TAMS 0x0000000085700000, 0x0000000085700000| Complete 
|  88|0x0000000085800000, 0x0000000085900000, 0x0000000085900000|100%| E|CS|TAMS 0x0000000085800000, 0x0000000085800000| Complete 
|  89|0x0000000085900000, 0x0000000085a00000, 0x0000000085a00000|100%| E|CS|TAMS 0x0000000085900000, 0x0000000085900000| Complete 

Card table byte_map: [0x000001a6d6e50000,0x000001a6d7250000] _byte_map_base: 0x000001a6d6a50000

Marking Bits (Prev, Next): (CMBitMap*) 0x000001a6c439d790, (CMBitMap*) 0x000001a6c439d758
 Prev Bits: [0x000001a6d9650000, 0x000001a6db650000)
 Next Bits: [0x000001a6d7650000, 0x000001a6d9650000)

Polling page: 0x000001a6c2220000

Metaspace:

Usage:
  Non-class:     60.46 MB capacity,    59.40 MB ( 98%) used,   907.79 KB (  1%) free+waste,   173.00 KB ( <1%) overhead. 
      Class:      9.43 MB capacity,     8.82 MB ( 94%) used,   541.47 KB (  6%) free+waste,    80.44 KB ( <1%) overhead. 
       Both:     69.88 MB capacity,    68.22 MB ( 98%) used,     1.42 MB (  2%) free+waste,   253.44 KB ( <1%) overhead. 

Virtual space:
  Non-class space:       62.00 MB reserved,      60.50 MB ( 98%) committed 
      Class space:        1.00 GB reserved,       9.50 MB ( <1%) committed 
             Both:        1.06 GB reserved,      70.00 MB (  6%) committed 

Chunk freelists:
   Non-Class:  45.00 KB
       Class:  12.00 KB
        Both:  57.00 KB

MaxMetaspaceSize: 17179869184.00 GB
CompressedClassSpaceSize: 1.00 GB

CodeHeap 'non-profiled nmethods': size=120064Kb used=3628Kb max_used=3628Kb free=116435Kb
 bounds [0x000001a6cf910000, 0x000001a6cfca0000, 0x000001a6d6e50000]
CodeHeap 'profiled nmethods': size=120000Kb used=14389Kb max_used=14389Kb free=105610Kb
 bounds [0x000001a6c83e0000, 0x000001a6c91f0000, 0x000001a6cf910000]
CodeHeap 'non-nmethods': size=5696Kb used=2255Kb max_used=2285Kb free=3440Kb
 bounds [0x000001a6c7e50000, 0x000001a6c80c0000, 0x000001a6c83e0000]
 total_blobs=7443 nmethods=6587 adapters=768
 compilation: enabled
              stopped_count=0, restarted_count=0
 full_count=0

Compilation events (20 events):
Event: 41.848 Thread 0x000001a6dda90800 nmethod 6554 0x000001a6cfc9a010 code [0x000001a6cfc9a200, 0x000001a6cfc9a868]
Event: 41.848 Thread 0x000001a6ddab6800 6607       3       org.gradle.internal.reflect.annotations.impl.DefaultTypeAnnotationMetadataStore::processMethodAnnotations (239 bytes)
Event: 41.848 Thread 0x000001a6dda90800 6555       4       java.util.Arrays$ArrayItr::hasNext (18 bytes)
Event: 41.849 Thread 0x000001a6dda90800 nmethod 6555 0x000001a6cfc9ab90 code [0x000001a6cfc9ad20, 0x000001a6cfc9adb8]
Event: 41.849 Thread 0x000001a6dda90800 6586       4       com.google.common.collect.CompactHashMap::accessEntry (1 bytes)
Event: 41.849 Thread 0x000001a6dda90800 nmethod 6586 0x000001a6cfc9ae90 code [0x000001a6cfc9b020, 0x000001a6cfc9b078]
Event: 41.853 Thread 0x000001a6ddab6800 nmethod 6607 0x000001a6c91db810 code [0x000001a6c91dbec0, 0x000001a6c91dff38]
Event: 41.853 Thread 0x000001a6ddab6800 6608       3       com.google.common.collect.RegularImmutableMap::createValues (17 bytes)
Event: 41.854 Thread 0x000001a6ddab6800 nmethod 6608 0x000001a6c91e1490 code [0x000001a6c91e1660, 0x000001a6c91e19f8]
Event: 41.854 Thread 0x000001a6ddab6800 6609       3       com.google.common.collect.ImmutableSet::builderWithExpectedSize (16 bytes)
Event: 41.855 Thread 0x000001a6ddab6800 nmethod 6609 0x000001a6c91e1b90 code [0x000001a6c91e1da0, 0x000001a6c91e2308]
Event: 41.855 Thread 0x000001a6ddab6800 6610       3       org.gradle.util.Path::toString (5 bytes)
Event: 41.855 Thread 0x000001a6ddab6800 nmethod 6610 0x000001a6c91e2510 code [0x000001a6c91e26e0, 0x000001a6c91e2928]
Event: 41.857 Thread 0x000001a6dda90800 6611 %     4       org.gradle.internal.instantiation.generator.AbstractClassGenerator::inspectType @ 341 (560 bytes)
Event: 41.870 Thread 0x000001a6ddab6800 6614       3       java.io.WinNTFileSystem::normalize (224 bytes)
Event: 41.875 Thread 0x000001a6ddab6800 nmethod 6614 0x000001a6c91e2a10 code [0x000001a6c91e2e20, 0x000001a6c91e4bd8]
Event: 41.879 Thread 0x000001a6ddab6800 6615       3       org.gradle.internal.instantiation.generator.AbstractClassGenerator::access$1600 (6 bytes)
Event: 41.879 Thread 0x000001a6ddab6800 nmethod 6615 0x000001a6c91e5710 code [0x000001a6c91e58c0, 0x000001a6c91e59c8]
Event: 41.883 Thread 0x000001a6ddab6800 6616       3       java.io.WinNTFileSystem::normalize (143 bytes)
Event: 41.885 Thread 0x000001a6ddab6800 nmethod 6616 0x000001a6c91e5a90 code [0x000001a6c91e5d20, 0x000001a6c91e68b8]

GC Heap History (20 events):
Event: 34.669 GC heap before
{Heap before GC invocations=25 (full 0):
 garbage-first heap   total 76800K, used 59915K [0x0000000080000000, 0x0000000100000000)
  region size 1024K, 19 young (19456K), 2 survivors (2048K)
 Metaspace       used 56702K, capacity 58155K, committed 58496K, reserved 1099776K
  class space    used 7190K, capacity 7689K, committed 7808K, reserved 1048576K
}
Event: 34.680 GC heap after
{Heap after GC invocations=26 (full 0):
 garbage-first heap   total 76800K, used 44189K [0x0000000080000000, 0x0000000100000000)
  region size 1024K, 2 young (2048K), 2 survivors (2048K)
 Metaspace       used 56702K, capacity 58155K, committed 58496K, reserved 1099776K
  class space    used 7190K, capacity 7689K, committed 7808K, reserved 1048576K
}
Event: 35.519 GC heap before
{Heap before GC invocations=26 (full 0):
 garbage-first heap   total 76800K, used 61597K [0x0000000080000000, 0x0000000100000000)
  region size 1024K, 20 young (20480K), 2 survivors (2048K)
 Metaspace       used 59558K, capacity 61080K, committed 61440K, reserved 1101824K
  class space    used 7529K, capacity 8087K, committed 8192K, reserved 1048576K
}
Event: 35.535 GC heap after
{Heap after GC invocations=27 (full 0):
 garbage-first heap   total 76800K, used 47575K [0x0000000080000000, 0x0000000100000000)
  region size 1024K, 3 young (3072K), 3 survivors (3072K)
 Metaspace       used 59558K, capacity 61080K, committed 61440K, reserved 1101824K
  class space    used 7529K, capacity 8087K, committed 8192K, reserved 1048576K
}
Event: 36.471 GC heap before
{Heap before GC invocations=28 (full 0):
 garbage-first heap   total 76800K, used 62935K [0x0000000080000000, 0x0000000100000000)
  region size 1024K, 18 young (18432K), 3 survivors (3072K)
 Metaspace       used 60953K, capacity 62485K, committed 62592K, reserved 1103872K
  class space    used 7706K, capacity 8252K, committed 8320K, reserved 1048576K
}
Event: 36.486 GC heap after
{Heap after GC invocations=29 (full 0):
 garbage-first heap   total 76800K, used 48360K [0x0000000080000000, 0x0000000100000000)
  region size 1024K, 2 young (2048K), 2 survivors (2048K)
 Metaspace       used 60953K, capacity 62485K, committed 62592K, reserved 1103872K
  class space    used 7706K, capacity 8252K, committed 8320K, reserved 1048576K
}
Event: 37.079 GC heap before
{Heap before GC invocations=29 (full 0):
 garbage-first heap   total 76800K, used 62696K [0x0000000080000000, 0x0000000100000000)
  region size 1024K, 16 young (16384K), 2 survivors (2048K)
 Metaspace       used 62345K, capacity 63836K, committed 64000K, reserved 1105920K
  class space    used 7870K, capacity 8423K, committed 8448K, reserved 1048576K
}
Event: 37.087 GC heap after
{Heap after GC invocations=30 (full 0):
 garbage-first heap   total 76800K, used 49472K [0x0000000080000000, 0x0000000100000000)
  region size 1024K, 2 young (2048K), 2 survivors (2048K)
 Metaspace       used 62345K, capacity 63836K, committed 64000K, reserved 1105920K
  class space    used 7870K, capacity 8423K, committed 8448K, reserved 1048576K
}
Event: 37.492 GC heap before
{Heap before GC invocations=31 (full 0):
 garbage-first heap   total 76800K, used 53568K [0x0000000080000000, 0x0000000100000000)
  region size 1024K, 7 young (7168K), 2 survivors (2048K)
 Metaspace       used 62776K, capacity 64368K, committed 64640K, reserved 1105920K
  class space    used 7935K, capacity 8489K, committed 8576K, reserved 1048576K
}
Event: 37.499 GC heap after
{Heap after GC invocations=32 (full 0):
 garbage-first heap   total 76800K, used 49869K [0x0000000080000000, 0x0000000100000000)
  region size 1024K, 2 young (2048K), 2 survivors (2048K)
 Metaspace       used 62776K, capacity 64368K, committed 64640K, reserved 1105920K
  class space    used 7935K, capacity 8489K, committed 8576K, reserved 1048576K
}
Event: 38.277 GC heap before
{Heap before GC invocations=33 (full 0):
 garbage-first heap   total 76800K, used 64205K [0x0000000080000000, 0x0000000100000000)
  region size 1024K, 15 young (15360K), 2 survivors (2048K)
 Metaspace       used 63591K, capacity 65181K, committed 65280K, reserved 1105920K
  class space    used 8058K, capacity 8626K, committed 8704K, reserved 1048576K
}
Event: 38.286 GC heap after
{Heap after GC invocations=34 (full 0):
 garbage-first heap   total 76800K, used 50485K [0x0000000080000000, 0x0000000100000000)
  region size 1024K, 2 young (2048K), 2 survivors (2048K)
 Metaspace       used 63591K, capacity 65181K, committed 65280K, reserved 1105920K
  class space    used 8058K, capacity 8626K, committed 8704K, reserved 1048576K
}
Event: 38.546 GC heap before
{Heap before GC invocations=34 (full 0):
 garbage-first heap   total 76800K, used 62773K [0x0000000080000000, 0x0000000100000000)
  region size 1024K, 14 young (14336K), 2 survivors (2048K)
 Metaspace       used 63640K, capacity 65285K, committed 65536K, reserved 1105920K
  class space    used 8065K, capacity 8662K, committed 8704K, reserved 1048576K
}
Event: 38.558 GC heap after
{Heap after GC invocations=35 (full 0):
 garbage-first heap   total 92160K, used 51877K [0x0000000080000000, 0x0000000100000000)
  region size 1024K, 2 young (2048K), 2 survivors (2048K)
 Metaspace       used 63640K, capacity 65285K, committed 65536K, reserved 1105920K
  class space    used 8065K, capacity 8662K, committed 8704K, reserved 1048576K
}
Event: 39.714 GC heap before
{Heap before GC invocations=36 (full 0):
 garbage-first heap   total 92160K, used 72357K [0x0000000080000000, 0x0000000100000000)
  region size 1024K, 22 young (22528K), 2 survivors (2048K)
 Metaspace       used 65445K, capacity 66994K, committed 67072K, reserved 1107968K
  class space    used 8319K, capacity 8889K, committed 8960K, reserved 1048576K
}
Event: 39.730 GC heap after
{Heap after GC invocations=37 (full 0):
 garbage-first heap   total 92160K, used 53660K [0x0000000080000000, 0x0000000100000000)
  region size 1024K, 3 young (3072K), 3 survivors (3072K)
 Metaspace       used 65445K, capacity 66994K, committed 67072K, reserved 1107968K
  class space    used 8319K, capacity 8889K, committed 8960K, reserved 1048576K
}
Event: 40.635 GC heap before
{Heap before GC invocations=37 (full 0):
 garbage-first heap   total 92160K, used 67996K [0x0000000080000000, 0x0000000100000000)
  region size 1024K, 18 young (18432K), 3 survivors (3072K)
 Metaspace       used 67718K, capacity 69432K, committed 69504K, reserved 1110016K
  class space    used 8745K, capacity 9318K, committed 9344K, reserved 1048576K
}
Event: 40.651 GC heap after
{Heap after GC invocations=38 (full 0):
 garbage-first heap   total 92160K, used 54530K [0x0000000080000000, 0x0000000100000000)
  region size 1024K, 1 young (1024K), 1 survivors (1024K)
 Metaspace       used 67718K, capacity 69432K, committed 69504K, reserved 1110016K
  class space    used 8745K, capacity 9318K, committed 9344K, reserved 1048576K
}
Event: 41.680 GC heap before
{Heap before GC invocations=39 (full 0):
 garbage-first heap   total 92160K, used 72962K [0x0000000080000000, 0x0000000100000000)
  region size 1024K, 19 young (19456K), 1 survivors (1024K)
 Metaspace       used 69314K, capacity 71056K, committed 71296K, reserved 1112064K
  class space    used 8948K, capacity 9571K, committed 9600K, reserved 1048576K
}
Event: 41.692 GC heap after
{Heap after GC invocations=40 (full 0):
 garbage-first heap   total 92160K, used 55599K [0x0000000080000000, 0x0000000100000000)
  region size 1024K, 2 young (2048K), 2 survivors (2048K)
 Metaspace       used 69314K, capacity 71056K, committed 71296K, reserved 1112064K
  class space    used 8948K, capacity 9571K, committed 9600K, reserved 1048576K
}

Deoptimization events (20 events):
Event: 41.503 Thread 0x000001a6dfd60800 Uncommon trap: trap_request=0xffffff4d fr.pc=0x000001a6cfae2cdc relative=0x000000000000019c
Event: 41.503 Thread 0x000001a6dfd60800 Uncommon trap: reason=unstable_if action=reinterpret pc=0x000001a6cfae2cdc method=com.esotericsoftware.kryo.io.Input.require(I)I @ 65 c2
Event: 41.503 Thread 0x000001a6dfd60800 DEOPT PACKING pc=0x000001a6cfae2cdc sp=0x000000981c7f90e0
Event: 41.503 Thread 0x000001a6dfd60800 DEOPT UNPACKING pc=0x000001a6c7e76ca9 sp=0x000000981c7f9090 mode 2
Event: 41.510 Thread 0x000001a6dfd60800 Uncommon trap: trap_request=0xffffff4d fr.pc=0x000001a6cfb11004 relative=0x00000000000001c4
Event: 41.510 Thread 0x000001a6dfd60800 Uncommon trap: reason=unstable_if action=reinterpret pc=0x000001a6cfb11004 method=com.esotericsoftware.kryo.io.Input.readVarInt(Z)I @ 42 c2
Event: 41.510 Thread 0x000001a6dfd60800 DEOPT PACKING pc=0x000001a6cfb11004 sp=0x000000981c7f9040
Event: 41.510 Thread 0x000001a6dfd60800 DEOPT UNPACKING pc=0x000001a6c7e76ca9 sp=0x000000981c7f8fe8 mode 2
Event: 41.766 Thread 0x000001a6dfd60800 Uncommon trap: trap_request=0xffffff4d fr.pc=0x000001a6cfae3c88 relative=0x00000000000000e8
Event: 41.766 Thread 0x000001a6dfd60800 Uncommon trap: reason=unstable_if action=reinterpret pc=0x000001a6cfae3c88 method=java.io.WinNTFileSystem.normalize(Ljava/lang/String;)Ljava/lang/String; @ 74 c2
Event: 41.766 Thread 0x000001a6dfd60800 DEOPT PACKING pc=0x000001a6cfae3c88 sp=0x000000981c7f9ef0
Event: 41.766 Thread 0x000001a6dfd60800 DEOPT UNPACKING pc=0x000001a6c7e76ca9 sp=0x000000981c7f9ec8 mode 2
Event: 41.766 Thread 0x000001a6dfd60800 Uncommon trap: trap_request=0xffffff4d fr.pc=0x000001a6cfae9f30 relative=0x0000000000001810
Event: 41.766 Thread 0x000001a6dfd60800 Uncommon trap: reason=unstable_if action=reinterpret pc=0x000001a6cfae9f30 method=java.io.WinNTFileSystem.normalize(Ljava/lang/String;II)Ljava/lang/String; @ 100 c2
Event: 41.766 Thread 0x000001a6dfd60800 DEOPT PACKING pc=0x000001a6cfae9f30 sp=0x000000981c7f9e20
Event: 41.766 Thread 0x000001a6dfd60800 DEOPT UNPACKING pc=0x000001a6c7e76ca9 sp=0x000000981c7f9e28 mode 2
Event: 41.870 Thread 0x000001a6dfd60800 Uncommon trap: trap_request=0xffffff4d fr.pc=0x000001a6cf936a80 relative=0x0000000000000060
Event: 41.870 Thread 0x000001a6dfd60800 Uncommon trap: reason=unstable_if action=reinterpret pc=0x000001a6cf936a80 method=java.io.WinNTFileSystem.isSlash(C)Z @ 9 c2
Event: 41.870 Thread 0x000001a6dfd60800 DEOPT PACKING pc=0x000001a6cf936a80 sp=0x000000981c7f9a50
Event: 41.870 Thread 0x000001a6dfd60800 DEOPT UNPACKING pc=0x000001a6c7e76ca9 sp=0x000000981c7f99d8 mode 2

Classes redefined (0 events):
No events

Internal exceptions (20 events):
Event: 38.825 Thread 0x000001a6dfd60800 Exception <a 'java/lang/ClassNotFoundException'{0x00000000857319c8}: com/android/build/gradle/internal/dsl/BuildType_DecoratedCustomizer> (0x00000000857319c8) thrown at [./src/hotspot/share/classfile/systemDictionary.cpp, line 231]
Event: 38.861 Thread 0x000001a6dfd60800 Exception <a 'java/lang/ClassNotFoundException'{0x00000000857f4fd8}: build_5cbfyb5w4q2e5ymxgomw3455d$_run_closure1$_closure4BeanInfo> (0x00000000857f4fd8) thrown at [./src/hotspot/share/classfile/systemDictionary.cpp, line 231]
Event: 38.862 Thread 0x000001a6dfd60800 Exception <a 'java/lang/ClassNotFoundException'{0x0000000085605c58}: build_5cbfyb5w4q2e5ymxgomw3455d$_run_closure1$_closure4Customizer> (0x0000000085605c58) thrown at [./src/hotspot/share/classfile/systemDictionary.cpp, line 231]
Event: 38.866 Thread 0x000001a6dfd60800 Exception <a 'java/lang/ClassNotFoundException'{0x000000008562e9f8}: build_5cbfyb5w4q2e5ymxgomw3455d$_run_closure1BeanInfo> (0x000000008562e9f8) thrown at [./src/hotspot/share/classfile/systemDictionary.cpp, line 231]
Event: 38.867 Thread 0x000001a6dfd60800 Exception <a 'java/lang/ClassNotFoundException'{0x000000008563e808}: build_5cbfyb5w4q2e5ymxgomw3455d$_run_closure1Customizer> (0x000000008563e808) thrown at [./src/hotspot/share/classfile/systemDictionary.cpp, line 231]
Event: 38.882 Thread 0x000001a6dfd60800 Exception <a 'java/lang/ClassNotFoundException'{0x00000000856a3288}: org/gradle/api/JavaVersionBeanInfo> (0x00000000856a3288) thrown at [./src/hotspot/share/classfile/systemDictionary.cpp, line 231]
Event: 38.882 Thread 0x000001a6dfd60800 Exception <a 'java/lang/ClassNotFoundException'{0x00000000856ae8f0}: java/lang/EnumBeanInfo> (0x00000000856ae8f0) thrown at [./src/hotspot/share/classfile/systemDictionary.cpp, line 231]
Event: 38.883 Thread 0x000001a6dfd60800 Exception <a 'java/lang/ClassNotFoundException'{0x00000000856b9fc8}: java/lang/EnumCustomizer> (0x00000000856b9fc8) thrown at [./src/hotspot/share/classfile/systemDictionary.cpp, line 231]
Event: 38.909 Thread 0x000001a6dfd60800 Exception <a 'java/lang/ClassNotFoundException'{0x00000000856eaaf0}: org/gradle/api/JavaVersionCustomizer> (0x00000000856eaaf0) thrown at [./src/hotspot/share/classfile/systemDictionary.cpp, line 231]
Event: 38.915 Thread 0x000001a6dfd60800 Exception <a 'java/lang/ClassNotFoundException'{0x0000000085540178}: com/android/build/gradle/internal/CompileOptions_DecoratedBeanInfo> (0x0000000085540178) thrown at [./src/hotspot/share/classfile/systemDictionary.cpp, line 231]
Event: 38.916 Thread 0x000001a6dfd60800 Exception <a 'java/lang/ClassNotFoundException'{0x00000000855575d0}: com/android/build/gradle/internal/CompileOptionsBeanInfo> (0x00000000855575d0) thrown at [./src/hotspot/share/classfile/systemDictionary.cpp, line 231]
Event: 38.917 Thread 0x000001a6dfd60800 Exception <a 'java/lang/ClassNotFoundException'{0x000000008556f470}: com/android/build/gradle/internal/CompileOptionsCustomizer> (0x000000008556f470) thrown at [./src/hotspot/share/classfile/systemDictionary.cpp, line 231]
Event: 38.920 Thread 0x000001a6dfd60800 Exception <a 'java/lang/ClassNotFoundException'{0x0000000085593a40}: com/android/build/gradle/internal/CompileOptions_DecoratedCustomizer> (0x0000000085593a40) thrown at [./src/hotspot/share/classfile/systemDictionary.cpp, line 231]
Event: 41.364 Thread 0x000001a6dfd60800 Exception <a 'java/lang/ClassNotFoundException'{0x0000000084faa490}: com/android/build/gradle/internal/api/ApkVariantOutputImpl_DecoratedBeanInfo> (0x0000000084faa490) thrown at [./src/hotspot/share/classfile/systemDictionary.cpp, line 231]
Event: 41.369 Thread 0x000001a6dfd60800 Exception <a 'java/lang/ClassNotFoundException'{0x0000000084fc4118}: com/android/build/gradle/internal/api/ApkVariantOutputImplBeanInfo> (0x0000000084fc4118) thrown at [./src/hotspot/share/classfile/systemDictionary.cpp, line 231]
Event: 41.370 Thread 0x000001a6dfd60800 Exception <a 'java/lang/ClassNotFoundException'{0x0000000084fde2e8}: com/android/build/gradle/internal/api/BaseVariantOutputImplBeanInfo> (0x0000000084fde2e8) thrown at [./src/hotspot/share/classfile/systemDictionary.cpp, line 231]
Event: 41.370 Thread 0x000001a6dfd60800 Exception <a 'java/lang/ClassNotFoundException'{0x0000000084ff8520}: com/android/build/gradle/internal/api/BaseVariantOutputImplCustomizer> (0x0000000084ff8520) thrown at [./src/hotspot/share/classfile/systemDictionary.cpp, line 231]
Event: 41.376 Thread 0x000001a6dfd60800 Exception <a 'java/lang/ClassNotFoundException'{0x0000000084e252a0}: com/android/build/gradle/internal/api/ApkVariantOutputImplCustomizer> (0x0000000084e252a0) thrown at [./src/hotspot/share/classfile/systemDictionary.cpp, line 231]
Event: 41.377 Thread 0x000001a6dfd60800 Exception <a 'java/lang/ClassNotFoundException'{0x0000000084e4df78}: com/android/build/gradle/internal/api/ApkVariantOutputImpl_DecoratedCustomizer> (0x0000000084e4df78) thrown at [./src/hotspot/share/classfile/systemDictionary.cpp, line 231]
Event: 41.407 Thread 0x000001a6dfd60800 Exception <a 'java/lang/NoClassDefFoundError'{0x0000000084db4298}: org/jetbrains/kotlin/gradle/plugin/KotlinBasePluginWrapper> (0x0000000084db4298) thrown at [./src/hotspot/share/classfile/systemDictionary.cpp, line 220]

Events (20 events):
Event: 41.897 loading class org/gradle/api/internal/tasks/compile/CleaningJavaCompiler
Event: 41.897 loading class org/gradle/api/internal/tasks/compile/CleaningJavaCompiler done
Event: 41.898 loading class org/gradle/api/internal/tasks/compile/DefaultJavaCompileSpec
Event: 41.898 loading class org/gradle/api/internal/tasks/compile/DefaultJavaCompileSpec done
Event: 41.899 loading class org/gradle/api/internal/tasks/compile/DefaultJvmLanguageCompileSpec
Event: 41.899 loading class org/gradle/api/internal/tasks/compile/DefaultJvmLanguageCompileSpec done
Event: 41.900 loading class org/gradle/api/tasks/compile/CompileOptions
Event: 41.900 loading class org/gradle/api/tasks/compile/CompileOptions done
Event: 41.902 loading class org/gradle/api/tasks/compile/AbstractOptions
Event: 41.902 loading class org/gradle/api/tasks/compile/AbstractOptions done
Event: 41.903 loading class org/gradle/jvm/toolchain/JavaInstallationMetadata
Event: 41.903 loading class org/gradle/jvm/toolchain/JavaInstallationMetadata done
Event: 41.906 loading class org/gradle/api/tasks/compile/ForkOptions
Event: 41.906 loading class org/gradle/api/tasks/compile/ForkOptions done
Event: 41.906 loading class org/gradle/api/tasks/compile/BaseForkOptions
Event: 41.906 loading class org/gradle/api/tasks/compile/BaseForkOptions done
Event: 41.907 loading class org/gradle/api/internal/tasks/compile/incremental/recomp/JavaRecompilationSpecProvider
Event: 41.907 loading class org/gradle/api/internal/tasks/compile/incremental/recomp/JavaRecompilationSpecProvider done
Event: 41.909 loading class org/gradle/api/internal/tasks/compile/incremental/recomp/AbstractRecompilationSpecProvider
Event: 41.909 loading class org/gradle/api/internal/tasks/compile/incremental/recomp/AbstractRecompilationSpecProvider done


Dynamic libraries:
0x00007ff667e80000 - 0x00007ff667e8a000 	C:\Program Files\Android\Android Studio\jre\bin\java.exe
0x00007ffc46410000 - 0x00007ffc46605000 	C:\WINDOWS\SYSTEM32\ntdll.dll
0x00007ffc45950000 - 0x00007ffc45a0e000 	C:\WINDOWS\System32\KERNEL32.DLL
0x00007ffc440e0000 - 0x00007ffc443a8000 	C:\WINDOWS\System32\KERNELBASE.dll
0x00007ffc43bb0000 - 0x00007ffc43cb0000 	C:\WINDOWS\System32\ucrtbase.dll
0x00007ffc3c7a0000 - 0x00007ffc3c7b9000 	C:\Program Files\Android\Android Studio\jre\bin\jli.dll
0x00007ffc46220000 - 0x00007ffc463c1000 	C:\WINDOWS\System32\USER32.dll
0x00007ffc43b80000 - 0x00007ffc43ba2000 	C:\WINDOWS\System32\win32u.dll
0x00007ffc45aa0000 - 0x00007ffc45acb000 	C:\WINDOWS\System32\GDI32.dll
0x00007ffc43fd0000 - 0x00007ffc440dd000 	C:\WINDOWS\System32\gdi32full.dll
0x00007ffc443b0000 - 0x00007ffc4444d000 	C:\WINDOWS\System32\msvcp_win.dll
0x00007ffc3ad10000 - 0x00007ffc3ad27000 	C:\Program Files\Android\Android Studio\jre\bin\VCRUNTIME140.dll
0x00007ffc2c160000 - 0x00007ffc2c3fa000 	C:\WINDOWS\WinSxS\amd64_microsoft.windows.common-controls_6595b64144ccf1df_6.0.19041.1110_none_60b5254171f9507e\COMCTL32.dll
0x00007ffc44530000 - 0x00007ffc445ce000 	C:\WINDOWS\System32\msvcrt.dll
0x00007ffc44500000 - 0x00007ffc44530000 	C:\WINDOWS\System32\IMM32.DLL
0x00007ffc16500000 - 0x00007ffc1659d000 	C:\Program Files\Android\Android Studio\jre\bin\msvcp140.dll
0x00007ffbf02c0000 - 0x00007ffbf0d8f000 	C:\Program Files\Android\Android Studio\jre\bin\server\jvm.dll
0x00007ffc45b30000 - 0x00007ffc45bdc000 	C:\WINDOWS\System32\ADVAPI32.dll
0x00007ffc45130000 - 0x00007ffc451cb000 	C:\WINDOWS\System32\sechost.dll
0x00007ffc45000000 - 0x00007ffc4512a000 	C:\WINDOWS\System32\RPCRT4.dll
0x00007ffc445d0000 - 0x00007ffc445d8000 	C:\WINDOWS\System32\PSAPI.DLL
0x00007ffc3e880000 - 0x00007ffc3e889000 	C:\WINDOWS\SYSTEM32\WSOCK32.dll
0x00007ffc46150000 - 0x00007ffc461bb000 	C:\WINDOWS\System32\WS2_32.dll
0x00007ffc2df10000 - 0x00007ffc2df37000 	C:\WINDOWS\SYSTEM32\WINMM.dll
0x00007ffc378f0000 - 0x00007ffc378fa000 	C:\WINDOWS\SYSTEM32\VERSION.dll
0x00007ffc423f0000 - 0x00007ffc42402000 	C:\WINDOWS\SYSTEM32\kernel.appcore.dll
0x00007ffc3c570000 - 0x00007ffc3c581000 	C:\Program Files\Android\Android Studio\jre\bin\verify.dll
0x00007ffc42030000 - 0x00007ffc42214000 	C:\WINDOWS\SYSTEM32\DBGHELP.DLL
0x00007ffc32d50000 - 0x00007ffc32d7c000 	C:\WINDOWS\SYSTEM32\dbgcore.DLL
0x00007ffc43f40000 - 0x00007ffc43fc2000 	C:\WINDOWS\System32\bcryptPrimitives.dll
0x00007ffc2a950000 - 0x00007ffc2a979000 	C:\Program Files\Android\Android Studio\jre\bin\java.dll
0x00007ffc3c560000 - 0x00007ffc3c56b000 	C:\Program Files\Android\Android Studio\jre\bin\jimage.dll
0x00007ffc2a8c0000 - 0x00007ffc2a8d8000 	C:\Program Files\Android\Android Studio\jre\bin\zip.dll
0x00007ffc44640000 - 0x00007ffc44d84000 	C:\WINDOWS\System32\SHELL32.dll
0x00007ffc41770000 - 0x00007ffc41f04000 	C:\WINDOWS\SYSTEM32\windows.storage.dll
0x00007ffc45cc0000 - 0x00007ffc46015000 	C:\WINDOWS\System32\combase.dll
0x00007ffc434a0000 - 0x00007ffc434ce000 	C:\WINDOWS\SYSTEM32\Wldp.dll
0x00007ffc44da0000 - 0x00007ffc44e4d000 	C:\WINDOWS\System32\SHCORE.dll
0x00007ffc45ad0000 - 0x00007ffc45b25000 	C:\WINDOWS\System32\shlwapi.dll
0x00007ffc43a60000 - 0x00007ffc43a7f000 	C:\WINDOWS\SYSTEM32\profapi.dll
0x00007ffc2a7b0000 - 0x00007ffc2a7ca000 	C:\Program Files\Android\Android Studio\jre\bin\net.dll
0x00007ffc33e80000 - 0x00007ffc33f8c000 	C:\WINDOWS\SYSTEM32\WINHTTP.dll
0x00007ffc43200000 - 0x00007ffc4326a000 	C:\WINDOWS\system32\mswsock.dll
0x00007ffc2a650000 - 0x00007ffc2a664000 	C:\Program Files\Android\Android Studio\jre\bin\nio.dll
0x00007ffc1cd50000 - 0x00007ffc1cd77000 	C:\Users\dev-christ\.gradle\native\8bec1ad78214c89d9ad589b4d07fe93259594b29d510b10fafb7a158f7737e5d\windows-amd64\native-platform.dll
0x00007ffbf2910000 - 0x00007ffbf2a4d000 	C:\Users\dev-christ\.gradle\native\53dbd7edfb1c66fb8903c78663c9afc45aea4f116125fa6feffd364cf09443e8\windows-amd64\native-platform-file-events.dll
0x00007ffc331b0000 - 0x00007ffc331ba000 	C:\Program Files\Android\Android Studio\jre\bin\management.dll
0x00007ffc2a8b0000 - 0x00007ffc2a8bc000 	C:\Program Files\Android\Android Studio\jre\bin\management_ext.dll
0x00007ffc43400000 - 0x00007ffc43418000 	C:\WINDOWS\SYSTEM32\CRYPTSP.dll
0x00007ffc42b80000 - 0x00007ffc42bb4000 	C:\WINDOWS\system32\rsaenh.dll
0x00007ffc43d00000 - 0x00007ffc43d27000 	C:\WINDOWS\System32\bcrypt.dll
0x00007ffc43a20000 - 0x00007ffc43a4e000 	C:\WINDOWS\SYSTEM32\USERENV.dll
0x00007ffc433f0000 - 0x00007ffc433fc000 	C:\WINDOWS\SYSTEM32\CRYPTBASE.dll
0x00007ffc42ef0000 - 0x00007ffc42f2b000 	C:\WINDOWS\SYSTEM32\IPHLPAPI.DLL
0x00007ffc44d90000 - 0x00007ffc44d98000 	C:\WINDOWS\System32\NSI.dll
0x00007ffc33e20000 - 0x00007ffc33e37000 	C:\WINDOWS\SYSTEM32\dhcpcsvc6.DLL
0x00007ffc34190000 - 0x00007ffc341ad000 	C:\WINDOWS\SYSTEM32\dhcpcsvc.DLL
0x00007ffc42f30000 - 0x00007ffc42ffb000 	C:\WINDOWS\SYSTEM32\DNSAPI.dll

dbghelp: loaded successfully - version: 4.0.5 - missing functions: none
symbol engine: initialized successfully - sym options: 0x614 - pdb path: .;C:\Program Files\Android\Android Studio\jre\bin;C:\WINDOWS\SYSTEM32;C:\WINDOWS\WinSxS\amd64_microsoft.windows.common-controls_6595b64144ccf1df_6.0.19041.1110_none_60b5254171f9507e;C:\Program Files\Android\Android Studio\jre\bin\server;C:\Users\dev-christ\.gradle\native\8bec1ad78214c89d9ad589b4d07fe93259594b29d510b10fafb7a158f7737e5d\windows-amd64;C:\Users\dev-christ\.gradle\native\53dbd7edfb1c66fb8903c78663c9afc45aea4f116125fa6feffd364cf09443e8\windows-amd64

VM Arguments:
jvm_args: --add-opens=java.base/java.util=ALL-UNNAMED --add-opens=java.base/java.lang=ALL-UNNAMED --add-opens=java.base/java.lang.invoke=ALL-UNNAMED --add-opens=java.base/java.util=ALL-UNNAMED --add-opens=java.prefs/java.util.prefs=ALL-UNNAMED --add-opens=java.prefs/java.util.prefs=ALL-UNNAMED --add-opens=java.base/java.nio.charset=ALL-UNNAMED --add-opens=java.base/java.net=ALL-UNNAMED --add-opens=java.base/java.util.concurrent.atomic=ALL-UNNAMED -Xmx2048m -Dfile.encoding=UTF-8 -Duser.country=FR -Duser.language=fr -Duser.variant 
java_command: org.gradle.launcher.daemon.bootstrap.GradleDaemon 7.0.2
java_class_path (initial): C:\Users\dev-christ\.gradle\wrapper\dists\gradle-7.0.2-bin\857tjihv64xamwrf0h14cai3r\gradle-7.0.2\lib\gradle-launcher-7.0.2.jar
Launcher Type: SUN_STANDARD

[Global flags]
     intx CICompilerCount                          = 2                                         {product} {ergonomic}
     uint ConcGCThreads                            = 1                                         {product} {ergonomic}
     uint G1ConcRefinementThreads                  = 2                                         {product} {ergonomic}
   size_t G1HeapRegionSize                         = 1048576                                   {product} {ergonomic}
    uintx GCDrainStackTargetSize                   = 64                                        {product} {ergonomic}
   size_t InitialHeapSize                          = 65011712                                  {product} {ergonomic}
   size_t MarkStackSize                            = 4194304                                   {product} {ergonomic}
   size_t MaxHeapSize                              = 2147483648                                {product} {command line}
   size_t MaxNewSize                               = 1287651328                                {product} {ergonomic}
   size_t MinHeapDeltaBytes                        = 1048576                                   {product} {ergonomic}
    uintx NonNMethodCodeHeapSize                   = 5825164                                {pd product} {ergonomic}
    uintx NonProfiledCodeHeapSize                  = 122916538                              {pd product} {ergonomic}
    uintx ProfiledCodeHeapSize                     = 122916538                              {pd product} {ergonomic}
    uintx ReservedCodeCacheSize                    = 251658240                              {pd product} {ergonomic}
     bool SegmentedCodeCache                       = true                                      {product} {ergonomic}
     bool UseCompressedClassPointers               = true                                 {lp64_product} {ergonomic}
     bool UseCompressedOops                        = true                                 {lp64_product} {ergonomic}
     bool UseG1GC                                  = true                                      {product} {ergonomic}
     bool UseLargePagesIndividualAllocation        = false                                  {pd product} {ergonomic}

Logging:
Log output configuration:
 #0: stdout all=warning uptime,level,tags
 #1: stderr all=off uptime,level,tags

Environment Variables:
PATH=C:\Program Files\Common Files\Oracle\Java\javapath;C:\Python310\Scripts\;C:\Python310\;C:\WINDOWS\system32;C:\WINDOWS;C:\WINDOWS\System32\Wbem;C:\WINDOWS\System32\WindowsPowerShell\v1.0\;C:\WINDOWS\System32\OpenSSH\;C:\ProgramData\ComposerSetup\bin;C:\ProgramData\chocolatey\bin;E:\app\nodeJs\;C:\Users\dev-christ\AppData\Local\Microsoft\WindowsApps;E:\Dossier Serveur\php-7.4.24-nts-Win32-vc15-x64;C:\Users\dev-christ\AppData\Roaming\Composer\vendor\bin;C:\Users\dev-christ\AppData\Roaming\npm;E:\Git\git-cmd;E:\Git\bin;C:\Program Files\MongoDB\Server\5.0\bin;C:\Program Files\JetBrains\IntelliJ IDEA Community Edition 2021.2.3\bin;;C:\Program Files\JetBrains\PyCharm Community Edition 2021.2.3\bin;
USERNAME=dev-christ
OS=Windows_NT
PROCESSOR_IDENTIFIER=Intel64 Family 6 Model 122 Stepping 1, GenuineIntel



---------------  S Y S T E M  ---------------

OS: Windows 10 , 64 bit Build 19041 (10.0.19041.1348)
OS uptime: 0 days 22:34 hours

CPU:total 2 (initial active 2) (2 cores per cpu, 1 threads per core) family 6 model 122 stepping 1 microcode 0x2e, cmov, cx8, fxsr, mmx, sse, sse2, sse3, ssse3, sse4.1, sse4.2, popcnt, aes, clmul, erms, 3dnowpref, tsc, tscinvbit, sha

Memory: 4k page, system-wide physical 3917M (251M free)
TotalPageFile size 10436M (AvailPageFile size 5M)
current process WorkingSet (physical memory assigned to process): 277M, peak: 281M
current process commit charge ("private bytes"): 300M, peak: 303M

vm_info: OpenJDK 64-Bit Server VM (11.0.10+0-b96-7249189) for windows-amd64 JRE (11.0.10+0-b96-7249189), built on Mar 31 2021 21:44:00 by "builder" with MS VC++ 14.0 (VS2015)

END.
