#
# There is insufficient memory for the Java Runtime Environment to continue.
# Native memory allocation (malloc) failed to allocate 32744 bytes for ChunkPool::allocate
# Possible reasons:
#   The system is out of physical RAM or swap space
#   The process is running with CompressedOops enabled, and the Java Heap may be blocking the growth of the native heap
# Possible solutions:
#   Reduce memory load on the system
#   Increase physical memory or swap space
#   Check if swap backing store is full
#   Decrease Java heap size (-Xmx/-Xms)
#   Decrease number of Java threads
#   Decrease Java thread stack sizes (-Xss)
#   Set larger code cache with -XX:ReservedCodeCacheSize=
#   JVM is running with Unscaled Compressed Oops mode in which the Java heap is
#     placed in the first 4GB address space. The Java Heap base address is the
#     maximum limit for the native heap growth. Please use -XX:HeapBaseMinAddress
#     to set the Java Heap base and to place the Java Heap above 4GB virtual address.
# This output file may be truncated or incomplete.
#
#  Out of Memory Error (./src/hotspot/share/memory/arena.cpp:81), pid=11452, tid=8676
#
# JRE version: OpenJDK Runtime Environment (11.0.10) (build 11.0.10+0-b96-7249189)
# Java VM: OpenJDK 64-Bit Server VM (11.0.10+0-b96-7249189, mixed mode, tiered, compressed oops, g1 gc, windows-amd64)
# No core dump will be written. Minidumps are not enabled by default on client versions of Windows
#

---------------  S U M M A R Y ------------

Command Line: --add-opens=java.base/java.util=ALL-UNNAMED --add-opens=java.base/java.lang=ALL-UNNAMED --add-opens=java.base/java.lang.invoke=ALL-UNNAMED --add-opens=java.base/java.util=ALL-UNNAMED --add-opens=java.prefs/java.util.prefs=ALL-UNNAMED --add-opens=java.prefs/java.util.prefs=ALL-UNNAMED --add-opens=java.base/java.nio.charset=ALL-UNNAMED --add-opens=java.base/java.net=ALL-UNNAMED --add-opens=java.base/java.util.concurrent.atomic=ALL-UNNAMED -Xmx2048m -Dfile.encoding=UTF-8 -Duser.country=FR -Duser.language=fr -Duser.variant org.gradle.launcher.daemon.bootstrap.GradleDaemon 7.0.2

Host: Intel(R) Celeron(R) N4000 CPU @ 1.10GHz, 2 cores, 3G,  Windows 10 , 64 bit Build 19041 (10.0.19041.1466)
Time: Sun Jan 16 10:23:26 2022 Temps universel coordonné elapsed time: 523.831731 seconds (0d 0h 8m 43s)

---------------  T H R E A D  ---------------

Current thread (0x000001b842343000):  JavaThread "C2 CompilerThread0" daemon [_thread_in_native, id=8676, stack(0x0000002ff4600000,0x0000002ff4700000)]


Current CompileTask:
C2: 523833 23844       4       java.lang.Class::annotationData (44 bytes)

Stack: [0x0000002ff4600000,0x0000002ff4700000]
Native frames: (J=compiled Java code, j=interpreted, Vv=VM code, C=native code)
V  [jvm.dll+0x5ecfaa]
V  [jvm.dll+0x722bd5]
V  [jvm.dll+0x72412d]
V  [jvm.dll+0x7247e3]
V  [jvm.dll+0x242928]
V  [jvm.dll+0xbc75b]
V  [jvm.dll+0xbca0c]
V  [jvm.dll+0xbc608]
V  [jvm.dll+0x5cc470]
V  [jvm.dll+0x61cfee]
V  [jvm.dll+0x1980d8]
V  [jvm.dll+0x1fb70e]
V  [jvm.dll+0x1fa7f4]
V  [jvm.dll+0x18354c]
V  [jvm.dll+0x208ee7]
V  [jvm.dll+0x207731]
V  [jvm.dll+0x6eb1cf]
V  [jvm.dll+0x6e3d45]
V  [jvm.dll+0x5ebe96]
C  [ucrtbase.dll+0x21bb2]
C  [KERNEL32.DLL+0x17034]
C  [ntdll.dll+0x52651]


---------------  P R O C E S S  ---------------

Threads class SMR info:
_java_thread_list=0x000001b84f5bd220, length=38, elements={
0x000001b82840b800, 0x000001b8422e0000, 0x000001b8422e3000, 0x000001b84233e800,
0x000001b84233f800, 0x000001b842342000, 0x000001b842343000, 0x000001b842346000,
0x000001b842349800, 0x000001b8425d4800, 0x000001b844705800, 0x000001b843959800,
0x000001b843a53000, 0x000001b84422f000, 0x000001b84422d800, 0x000001b84422f800,
0x000001b844232000, 0x000001b844230800, 0x000001b8469a6800, 0x000001b8469aa000,
0x000001b8469a7800, 0x000001b8469a5800, 0x000001b8469ae800, 0x000001b8441e6800,
0x000001b8441e8800, 0x000001b8441e7800, 0x000001b8441e9000, 0x000001b8441ea000,
0x000001b8441eb800, 0x000001b8441e6000, 0x000001b8441ef000, 0x000001b8441ef800,
0x000001b8441f0800, 0x000001b8441ec800, 0x000001b8441f3000, 0x000001b8441f1000,
0x000001b8441ed000, 0x000001b8441f3800
}

Java Threads: ( => current thread )
  0x000001b82840b800 JavaThread "main" [_thread_blocked, id=4912, stack(0x0000002ff3a00000,0x0000002ff3b00000)]
  0x000001b8422e0000 JavaThread "Reference Handler" daemon [_thread_blocked, id=6600, stack(0x0000002ff4100000,0x0000002ff4200000)]
  0x000001b8422e3000 JavaThread "Finalizer" daemon [_thread_blocked, id=7452, stack(0x0000002ff4200000,0x0000002ff4300000)]
  0x000001b84233e800 JavaThread "Signal Dispatcher" daemon [_thread_blocked, id=4444, stack(0x0000002ff4300000,0x0000002ff4400000)]
  0x000001b84233f800 JavaThread "Attach Listener" daemon [_thread_blocked, id=4872, stack(0x0000002ff4400000,0x0000002ff4500000)]
  0x000001b842342000 JavaThread "Service Thread" daemon [_thread_blocked, id=2236, stack(0x0000002ff4500000,0x0000002ff4600000)]
=>0x000001b842343000 JavaThread "C2 CompilerThread0" daemon [_thread_in_native, id=8676, stack(0x0000002ff4600000,0x0000002ff4700000)]
  0x000001b842346000 JavaThread "C1 CompilerThread0" daemon [_thread_blocked, id=2168, stack(0x0000002ff4700000,0x0000002ff4800000)]
  0x000001b842349800 JavaThread "Sweeper thread" daemon [_thread_blocked, id=2612, stack(0x0000002ff4800000,0x0000002ff4900000)]
  0x000001b8425d4800 JavaThread "Common-Cleaner" daemon [_thread_blocked, id=9864, stack(0x0000002ff4900000,0x0000002ff4a00000)]
  0x000001b844705800 JavaThread "Daemon health stats" [_thread_blocked, id=4136, stack(0x0000002ff4c00000,0x0000002ff4d00000)]
  0x000001b843959800 JavaThread "Incoming local TCP Connector on port 4119" [_thread_in_native, id=8964, stack(0x0000002ff4d00000,0x0000002ff4e00000)]
  0x000001b843a53000 JavaThread "Daemon periodic checks" [_thread_blocked, id=7476, stack(0x0000002ff4e00000,0x0000002ff4f00000)]
  0x000001b84422f000 JavaThread "Cache worker for file hash cache (C:\Users\dev-christ\.gradle\caches\7.0.2\fileHashes)" [_thread_blocked, id=12800, stack(0x0000002ff5600000,0x0000002ff5700000)]
  0x000001b84422d800 JavaThread "File lock request listener" [_thread_in_native, id=8880, stack(0x0000002ff5700000,0x0000002ff5800000)]
  0x000001b84422f800 JavaThread "Cache worker for journal cache (C:\Users\dev-christ\.gradle\caches\journal-1)" [_thread_blocked, id=11048, stack(0x0000002ff5800000,0x0000002ff5900000)]
  0x000001b844232000 JavaThread "File watcher server" daemon [_thread_in_native, id=7752, stack(0x0000002ff5a00000,0x0000002ff5b00000)]
  0x000001b844230800 JavaThread "File watcher consumer" daemon [_thread_blocked, id=6048, stack(0x0000002ff5b00000,0x0000002ff5c00000)]
  0x000001b8469a6800 JavaThread "Cache worker for execution history cache (C:\Users\dev-christ\.gradle\caches\7.0.2\executionHistory)" [_thread_blocked, id=6324, stack(0x0000002ff5f00000,0x0000002ff6000000)]
  0x000001b8469aa000 JavaThread "jar transforms" [_thread_blocked, id=11988, stack(0x0000002ff6000000,0x0000002ff6100000)]
  0x000001b8469a7800 JavaThread "jar transforms Thread 2" [_thread_blocked, id=8400, stack(0x0000002ff6100000,0x0000002ff6200000)]
  0x000001b8469a5800 JavaThread "Cache worker for file content cache (C:\Users\dev-christ\.gradle\caches\7.0.2\fileContent)" [_thread_blocked, id=4576, stack(0x0000002ff6200000,0x0000002ff6300000)]
  0x000001b8469ae800 JavaThread "Memory manager" [_thread_blocked, id=4492, stack(0x0000002ff3800000,0x0000002ff3900000)]
  0x000001b8441e6800 JavaThread "Daemon Thread 2" [_thread_blocked, id=308, stack(0x0000002ff3900000,0x0000002ff3a00000)]
  0x000001b8441e8800 JavaThread "Handler for socket connection from /127.0.0.1:4119 to /127.0.0.1:2057" [_thread_in_native, id=1672, stack(0x0000002ff4f00000,0x0000002ff5000000)]
  0x000001b8441e7800 JavaThread "Cancel handler" [_thread_blocked, id=6632, stack(0x0000002ff5000000,0x0000002ff5100000)]
  0x000001b8441e9000 JavaThread "Daemon worker Thread 2" [_thread_blocked, id=4240, stack(0x0000002ff5100000,0x0000002ff5200000)]
  0x000001b8441ea000 JavaThread "Asynchronous log dispatcher for DefaultDaemonConnection: socket connection from /127.0.0.1:4119 to /127.0.0.1:2057" [_thread_blocked, id=12056, stack(0x0000002ff5200000,0x0000002ff5300000)]
  0x000001b8441eb800 JavaThread "Stdin handler" [_thread_blocked, id=11108, stack(0x0000002ff5300000,0x0000002ff5400000)]
  0x000001b8441e6000 JavaThread "Daemon client event forwarder" [_thread_blocked, id=6352, stack(0x0000002ff5400000,0x0000002ff5500000)]
  0x000001b8441ef000 JavaThread "Cache worker for file hash cache (C:\Users\dev-christ\AndroidStudioProjects\chrono\.gradle\7.0.2\fileHashes)" [_thread_blocked, id=11536, stack(0x0000002ff5500000,0x0000002ff5600000)]
  0x000001b8441ef800 JavaThread "Cache worker for checksums cache (C:\Users\dev-christ\AndroidStudioProjects\chrono\.gradle\checksums)" [_thread_blocked, id=13280, stack(0x0000002ff5900000,0x0000002ff5a00000)]
  0x000001b8441f0800 JavaThread "Cache worker for cache directory md-supplier (C:\Users\dev-christ\.gradle\caches\7.0.2\md-supplier)" [_thread_blocked, id=10608, stack(0x0000002ff5c00000,0x0000002ff5d00000)]
  0x000001b8441ec800 JavaThread "Cache worker for cache directory md-rule (C:\Users\dev-christ\.gradle\caches\7.0.2\md-rule)" [_thread_blocked, id=7808, stack(0x0000002ff5d00000,0x0000002ff5e00000)]
  0x000001b8441f3000 JavaThread "Cache worker for dependencies-accessors (C:\Users\dev-christ\AndroidStudioProjects\chrono\.gradle\7.0.2\dependencies-accessors)" [_thread_blocked, id=4676, stack(0x0000002ff5e00000,0x0000002ff5f00000)]
  0x000001b8441f1000 JavaThread "Cache worker for Build Output Cleanup Cache (C:\Users\dev-christ\AndroidStudioProjects\chrono\.gradle\buildOutputCleanup)" [_thread_blocked, id=3744, stack(0x0000002ff6300000,0x0000002ff6400000)]
  0x000001b8441ed000 JavaThread "Build operations" [_thread_blocked, id=10604, stack(0x0000002ff6400000,0x0000002ff6500000)]
  0x000001b8441f3800 JavaThread "Build operations Thread 2" [_thread_blocked, id=6528, stack(0x0000002ff6500000,0x0000002ff6600000)]

Other Threads:
  0x000001b8422db000 VMThread "VM Thread" [stack: 0x0000002ff4000000,0x0000002ff4100000] [id=6088]
  0x000001b842613800 WatcherThread [stack: 0x0000002ff4a00000,0x0000002ff4b00000] [id=7036]
  0x000001b828422800 GCTaskThread "GC Thread#0" [stack: 0x0000002ff3b00000,0x0000002ff3c00000] [id=5052]
  0x000001b8426a9000 GCTaskThread "GC Thread#1" [stack: 0x0000002ff4b00000,0x0000002ff4c00000] [id=11316]
  0x000001b828455800 ConcurrentGCThread "G1 Main Marker" [stack: 0x0000002ff3c00000,0x0000002ff3d00000] [id=1740]
  0x000001b828456800 ConcurrentGCThread "G1 Conc#0" [stack: 0x0000002ff3d00000,0x0000002ff3e00000] [id=11308]
  0x000001b8284a7000 ConcurrentGCThread "G1 Refine#0" [stack: 0x0000002ff3e00000,0x0000002ff3f00000] [id=9576]
  0x000001b8284a8000 ConcurrentGCThread "G1 Young RemSet Sampling" [stack: 0x0000002ff3f00000,0x0000002ff4000000] [id=2004]

Threads with active compile tasks:
C2 CompilerThread0 524058 23844       4       java.lang.Class::annotationData (44 bytes)

VM state:at safepoint (normal execution)

VM Mutex/Monitor currently owned by a thread:  ([mutex/lock_event])
[0x000001b828406fc0] Threads_lock - owner thread: 0x000001b8422db000
[0x000001b828407c20] Heap_lock - owner thread: 0x000001b8441e9000

Heap address: 0x0000000080000000, size: 2048 MB, Compressed Oops mode: 32-bit
Narrow klass base: 0x0000000000000000, Narrow klass shift: 3
Compressed class space size: 1073741824 Address: 0x0000000100000000

Heap:
 garbage-first heap   total 345088K, used 280576K [0x0000000080000000, 0x0000000100000000)
  region size 1024K, 132 young (135168K), 8 survivors (8192K)
 Metaspace       used 124498K, capacity 127774K, committed 128120K, reserved 1161216K
  class space    used 15331K, capacity 16468K, committed 16588K, reserved 1048576K
Heap Regions: E=young(eden), S=young(survivor), O=old, HS=humongous(starts), HC=humongous(continues), CS=collection set, F=free, A=archive, TAMS=top-at-mark-start (previous, next)
|   0|0x0000000080000000, 0x0000000080100000, 0x0000000080100000|100%| O|  |TAMS 0x0000000080100000, 0x0000000080000000| Untracked 
|   1|0x0000000080100000, 0x0000000080200000, 0x0000000080200000|100%| O|  |TAMS 0x0000000080200000, 0x0000000080100000| Untracked 
|   2|0x0000000080200000, 0x0000000080300000, 0x0000000080300000|100%| O|  |TAMS 0x0000000080300000, 0x0000000080200000| Untracked 
|   3|0x0000000080300000, 0x0000000080400000, 0x0000000080400000|100%| O|  |TAMS 0x0000000080400000, 0x0000000080300000| Untracked 
|   4|0x0000000080400000, 0x0000000080500000, 0x0000000080500000|100%|HS|  |TAMS 0x0000000080500000, 0x0000000080400000| Complete 
|   5|0x0000000080500000, 0x0000000080600000, 0x0000000080600000|100%|HC|  |TAMS 0x0000000080600000, 0x0000000080500000| Complete 
|   6|0x0000000080600000, 0x0000000080700000, 0x0000000080700000|100%|HC|  |TAMS 0x0000000080700000, 0x0000000080600000| Complete 
|   7|0x0000000080700000, 0x0000000080800000, 0x0000000080800000|100%| O|  |TAMS 0x0000000080800000, 0x0000000080700000| Untracked 
|   8|0x0000000080800000, 0x0000000080900000, 0x0000000080900000|100%| O|  |TAMS 0x0000000080900000, 0x0000000080800000| Untracked 
|   9|0x0000000080900000, 0x0000000080a00000, 0x0000000080a00000|100%| O|  |TAMS 0x0000000080a00000, 0x0000000080900000| Untracked 
|  10|0x0000000080a00000, 0x0000000080b00000, 0x0000000080b00000|100%| O|  |TAMS 0x0000000080b00000, 0x0000000080a00000| Untracked 
|  11|0x0000000080b00000, 0x0000000080c00000, 0x0000000080c00000|100%| O|  |TAMS 0x0000000080c00000, 0x0000000080b00000| Untracked 
|  12|0x0000000080c00000, 0x0000000080d00000, 0x0000000080d00000|100%| O|  |TAMS 0x0000000080d00000, 0x0000000080c00000| Untracked 
|  13|0x0000000080d00000, 0x0000000080e00000, 0x0000000080e00000|100%| O|  |TAMS 0x0000000080e00000, 0x0000000080d00000| Untracked 
|  14|0x0000000080e00000, 0x0000000080f00000, 0x0000000080f00000|100%| O|  |TAMS 0x0000000080f00000, 0x0000000080e00000| Untracked 
|  15|0x0000000080f00000, 0x0000000081000000, 0x0000000081000000|100%| O|  |TAMS 0x0000000081000000, 0x0000000080f00000| Untracked 
|  16|0x0000000081000000, 0x0000000081100000, 0x0000000081100000|100%| O|  |TAMS 0x0000000081100000, 0x0000000081000000| Untracked 
|  17|0x0000000081100000, 0x0000000081200000, 0x0000000081200000|100%| O|  |TAMS 0x0000000081200000, 0x0000000081100000| Untracked 
|  18|0x0000000081200000, 0x0000000081300000, 0x0000000081300000|100%| O|  |TAMS 0x0000000081300000, 0x0000000081200000| Untracked 
|  19|0x0000000081300000, 0x0000000081400000, 0x0000000081400000|100%| O|  |TAMS 0x0000000081400000, 0x0000000081300000| Untracked 
|  20|0x0000000081400000, 0x0000000081500000, 0x0000000081500000|100%| O|  |TAMS 0x0000000081500000, 0x0000000081400000| Untracked 
|  21|0x0000000081500000, 0x0000000081600000, 0x0000000081600000|100%| O|  |TAMS 0x0000000081600000, 0x0000000081500000| Untracked 
|  22|0x0000000081600000, 0x0000000081700000, 0x0000000081700000|100%| O|  |TAMS 0x0000000081700000, 0x0000000081600000| Untracked 
|  23|0x0000000081700000, 0x0000000081800000, 0x0000000081800000|100%| O|  |TAMS 0x0000000081800000, 0x0000000081700000| Untracked 
|  24|0x0000000081800000, 0x0000000081900000, 0x0000000081900000|100%| O|  |TAMS 0x0000000081900000, 0x0000000081800000| Untracked 
|  25|0x0000000081900000, 0x0000000081a00000, 0x0000000081a00000|100%| O|  |TAMS 0x0000000081a00000, 0x0000000081900000| Untracked 
|  26|0x0000000081a00000, 0x0000000081b00000, 0x0000000081b00000|100%| O|  |TAMS 0x0000000081b00000, 0x0000000081a00000| Untracked 
|  27|0x0000000081b00000, 0x0000000081c00000, 0x0000000081c00000|100%| O|  |TAMS 0x0000000081c00000, 0x0000000081b00000| Untracked 
|  28|0x0000000081c00000, 0x0000000081d00000, 0x0000000081d00000|100%| O|  |TAMS 0x0000000081d00000, 0x0000000081c00000| Untracked 
|  29|0x0000000081d00000, 0x0000000081e00000, 0x0000000081e00000|100%| O|  |TAMS 0x0000000081e00000, 0x0000000081d00000| Untracked 
|  30|0x0000000081e00000, 0x0000000081f00000, 0x0000000081f00000|100%| O|  |TAMS 0x0000000081f00000, 0x0000000081e00000| Untracked 
|  31|0x0000000081f00000, 0x0000000082000000, 0x0000000082000000|100%| O|  |TAMS 0x0000000082000000, 0x0000000081f00000| Untracked 
|  32|0x0000000082000000, 0x0000000082100000, 0x0000000082100000|100%| O|  |TAMS 0x0000000082100000, 0x0000000082000000| Untracked 
|  33|0x0000000082100000, 0x0000000082200000, 0x0000000082200000|100%| O|  |TAMS 0x0000000082200000, 0x0000000082100000| Untracked 
|  34|0x0000000082200000, 0x0000000082300000, 0x0000000082300000|100%| O|  |TAMS 0x0000000082300000, 0x0000000082200000| Untracked 
|  35|0x0000000082300000, 0x0000000082400000, 0x0000000082400000|100%|HS|  |TAMS 0x0000000082300000, 0x0000000082300000| Complete 
|  36|0x0000000082400000, 0x0000000082500000, 0x0000000082500000|100%|HS|  |TAMS 0x0000000082500000, 0x0000000082400000| Complete 
|  37|0x0000000082500000, 0x0000000082600000, 0x0000000082600000|100%|HS|  |TAMS 0x0000000082600000, 0x0000000082500000| Complete 
|  38|0x0000000082600000, 0x0000000082700000, 0x0000000082700000|100%|HS|  |TAMS 0x0000000082700000, 0x0000000082600000| Complete 
|  39|0x0000000082700000, 0x0000000082800000, 0x0000000082800000|100%|HC|  |TAMS 0x0000000082800000, 0x0000000082700000| Complete 
|  40|0x0000000082800000, 0x0000000082900000, 0x0000000082900000|100%| O|  |TAMS 0x0000000082900000, 0x0000000082800000| Untracked 
|  41|0x0000000082900000, 0x0000000082a00000, 0x0000000082a00000|100%| O|  |TAMS 0x0000000082a00000, 0x0000000082900000| Untracked 
|  42|0x0000000082a00000, 0x0000000082b00000, 0x0000000082b00000|100%| O|  |TAMS 0x0000000082b00000, 0x0000000082a00000| Untracked 
|  43|0x0000000082b00000, 0x0000000082c00000, 0x0000000082c00000|100%| O|  |TAMS 0x0000000082c00000, 0x0000000082b00000| Untracked 
|  44|0x0000000082c00000, 0x0000000082d00000, 0x0000000082d00000|100%| O|  |TAMS 0x0000000082d00000, 0x0000000082c00000| Untracked 
|  45|0x0000000082d00000, 0x0000000082e00000, 0x0000000082e00000|100%| O|  |TAMS 0x0000000082e00000, 0x0000000082d00000| Untracked 
|  46|0x0000000082e00000, 0x0000000082f00000, 0x0000000082f00000|100%| O|  |TAMS 0x0000000082f00000, 0x0000000082e00000| Untracked 
|  47|0x0000000082f00000, 0x0000000083000000, 0x0000000083000000|100%| O|  |TAMS 0x0000000083000000, 0x0000000082f00000| Untracked 
|  48|0x0000000083000000, 0x0000000083100000, 0x0000000083100000|100%| O|  |TAMS 0x0000000083100000, 0x0000000083000000| Untracked 
|  49|0x0000000083100000, 0x0000000083200000, 0x0000000083200000|100%| O|  |TAMS 0x0000000083200000, 0x0000000083100000| Untracked 
|  50|0x0000000083200000, 0x0000000083300000, 0x0000000083300000|100%| O|  |TAMS 0x0000000083300000, 0x0000000083200000| Untracked 
|  51|0x0000000083300000, 0x0000000083400000, 0x0000000083400000|100%| O|  |TAMS 0x0000000083400000, 0x0000000083300000| Untracked 
|  52|0x0000000083400000, 0x0000000083500000, 0x0000000083500000|100%| O|  |TAMS 0x0000000083500000, 0x0000000083400000| Untracked 
|  53|0x0000000083500000, 0x0000000083600000, 0x0000000083600000|100%| O|  |TAMS 0x0000000083600000, 0x0000000083500000| Untracked 
|  54|0x0000000083600000, 0x0000000083700000, 0x0000000083700000|100%| O|  |TAMS 0x0000000083700000, 0x0000000083600000| Untracked 
|  55|0x0000000083700000, 0x0000000083800000, 0x0000000083800000|100%| O|  |TAMS 0x0000000083800000, 0x0000000083700000| Untracked 
|  56|0x0000000083800000, 0x0000000083900000, 0x0000000083900000|100%| O|  |TAMS 0x0000000083900000, 0x0000000083800000| Untracked 
|  57|0x0000000083900000, 0x0000000083a00000, 0x0000000083a00000|100%| O|  |TAMS 0x0000000083a00000, 0x0000000083900000| Untracked 
|  58|0x0000000083a00000, 0x0000000083b00000, 0x0000000083b00000|100%| O|  |TAMS 0x0000000083b00000, 0x0000000083a00000| Untracked 
|  59|0x0000000083b00000, 0x0000000083c00000, 0x0000000083c00000|100%| O|  |TAMS 0x0000000083c00000, 0x0000000083b00000| Untracked 
|  60|0x0000000083c00000, 0x0000000083d00000, 0x0000000083d00000|100%| O|  |TAMS 0x0000000083d00000, 0x0000000083c00000| Untracked 
|  61|0x0000000083d00000, 0x0000000083e00000, 0x0000000083e00000|100%| O|  |TAMS 0x0000000083e00000, 0x0000000083d00000| Untracked 
|  62|0x0000000083e00000, 0x0000000083f00000, 0x0000000083f00000|100%| O|  |TAMS 0x0000000083f00000, 0x0000000083e00000| Untracked 
|  63|0x0000000083f00000, 0x0000000084000000, 0x0000000084000000|100%| O|  |TAMS 0x0000000084000000, 0x0000000083f00000| Untracked 
|  64|0x0000000084000000, 0x0000000084100000, 0x0000000084100000|100%| O|  |TAMS 0x0000000084100000, 0x0000000084000000| Untracked 
|  65|0x0000000084100000, 0x0000000084200000, 0x0000000084200000|100%| O|  |TAMS 0x0000000084200000, 0x0000000084100000| Untracked 
|  66|0x0000000084200000, 0x0000000084300000, 0x0000000084300000|100%| O|  |TAMS 0x0000000084300000, 0x0000000084200000| Untracked 
|  67|0x0000000084300000, 0x0000000084400000, 0x0000000084400000|100%| O|  |TAMS 0x0000000084400000, 0x0000000084300000| Untracked 
|  68|0x0000000084400000, 0x0000000084500000, 0x0000000084500000|100%|HS|  |TAMS 0x0000000084400000, 0x0000000084400000| Complete 
|  69|0x0000000084500000, 0x0000000084600000, 0x0000000084600000|100%| O|  |TAMS 0x0000000084600000, 0x0000000084500000| Untracked 
|  70|0x0000000084600000, 0x0000000084700000, 0x0000000084700000|100%| O|  |TAMS 0x0000000084700000, 0x0000000084600000| Untracked 
|  71|0x0000000084700000, 0x0000000084800000, 0x0000000084800000|100%| O|  |TAMS 0x0000000084800000, 0x0000000084700000| Untracked 
|  72|0x0000000084800000, 0x0000000084900000, 0x0000000084900000|100%| O|  |TAMS 0x0000000084900000, 0x0000000084800000| Untracked 
|  73|0x0000000084900000, 0x0000000084a00000, 0x0000000084a00000|100%| O|  |TAMS 0x0000000084a00000, 0x0000000084900000| Untracked 
|  74|0x0000000084a00000, 0x0000000084b00000, 0x0000000084b00000|100%| O|  |TAMS 0x0000000084b00000, 0x0000000084a00000| Untracked 
|  75|0x0000000084b00000, 0x0000000084c00000, 0x0000000084c00000|100%| O|  |TAMS 0x0000000084c00000, 0x0000000084b00000| Untracked 
|  76|0x0000000084c00000, 0x0000000084c00000, 0x0000000084d00000|  0%| F|  |TAMS 0x0000000084c00000, 0x0000000084c00000| Untracked 
|  77|0x0000000084d00000, 0x0000000084e00000, 0x0000000084e00000|100%| O|  |TAMS 0x0000000084e00000, 0x0000000084d00000| Untracked 
|  78|0x0000000084e00000, 0x0000000084f00000, 0x0000000084f00000|100%| O|  |TAMS 0x0000000084f00000, 0x0000000084e00000| Untracked 
|  79|0x0000000084f00000, 0x0000000085000000, 0x0000000085000000|100%| O|  |TAMS 0x0000000085000000, 0x0000000084f00000| Untracked 
|  80|0x0000000085000000, 0x0000000085100000, 0x0000000085100000|100%| O|  |TAMS 0x0000000085100000, 0x0000000085000000| Untracked 
|  81|0x0000000085100000, 0x0000000085200000, 0x0000000085200000|100%| O|  |TAMS 0x0000000085200000, 0x0000000085100000| Untracked 
|  82|0x0000000085200000, 0x0000000085300000, 0x0000000085300000|100%|HS|  |TAMS 0x0000000085200000, 0x0000000085200000| Complete 
|  83|0x0000000085300000, 0x0000000085400000, 0x0000000085400000|100%|HC|  |TAMS 0x0000000085300000, 0x0000000085300000| Complete 
|  84|0x0000000085400000, 0x0000000085500000, 0x0000000085500000|100%|HC|  |TAMS 0x0000000085400000, 0x0000000085400000| Complete 
|  85|0x0000000085500000, 0x0000000085600000, 0x0000000085600000|100%|HC|  |TAMS 0x0000000085500000, 0x0000000085500000| Complete 
|  86|0x0000000085600000, 0x0000000085700000, 0x0000000085700000|100%|HC|  |TAMS 0x0000000085600000, 0x0000000085600000| Complete 
|  87|0x0000000085700000, 0x0000000085700000, 0x0000000085800000|  0%| F|  |TAMS 0x0000000085700000, 0x0000000085700000| Untracked 
|  88|0x0000000085800000, 0x0000000085800000, 0x0000000085900000|  0%| F|  |TAMS 0x0000000085800000, 0x0000000085800000| Untracked 
|  89|0x0000000085900000, 0x0000000085a00000, 0x0000000085a00000|100%| O|  |TAMS 0x0000000085968600, 0x0000000085900000| Untracked 
|  90|0x0000000085a00000, 0x0000000085a00000, 0x0000000085b00000|  0%| F|  |TAMS 0x0000000085a00000, 0x0000000085a00000| Untracked 
|  91|0x0000000085b00000, 0x0000000085c00000, 0x0000000085c00000|100%| O|  |TAMS 0x0000000085c00000, 0x0000000085b00000| Untracked 
|  92|0x0000000085c00000, 0x0000000085c00000, 0x0000000085d00000|  0%| F|  |TAMS 0x0000000085c00000, 0x0000000085c00000| Untracked 
|  93|0x0000000085d00000, 0x0000000085e00000, 0x0000000085e00000|100%| O|  |TAMS 0x0000000085e00000, 0x0000000085d00000| Untracked 
|  94|0x0000000085e00000, 0x0000000085f00000, 0x0000000085f00000|100%|HS|  |TAMS 0x0000000085f00000, 0x0000000085e00000| Complete 
|  95|0x0000000085f00000, 0x0000000086000000, 0x0000000086000000|100%| O|  |TAMS 0x0000000086000000, 0x0000000085f00000| Untracked 
|  96|0x0000000086000000, 0x0000000086000000, 0x0000000086100000|  0%| F|  |TAMS 0x0000000086000000, 0x0000000086000000| Untracked 
|  97|0x0000000086100000, 0x0000000086100000, 0x0000000086200000|  0%| F|  |TAMS 0x0000000086100000, 0x0000000086100000| Untracked 
|  98|0x0000000086200000, 0x0000000086200000, 0x0000000086300000|  0%| F|  |TAMS 0x0000000086200000, 0x0000000086200000| Untracked 
|  99|0x0000000086300000, 0x0000000086400000, 0x0000000086400000|100%|HS|  |TAMS 0x0000000086300000, 0x0000000086300000| Complete 
| 100|0x0000000086400000, 0x0000000086400000, 0x0000000086500000|  0%| F|  |TAMS 0x0000000086400000, 0x0000000086400000| Untracked 
| 101|0x0000000086500000, 0x0000000086500000, 0x0000000086600000|  0%| F|  |TAMS 0x0000000086500000, 0x0000000086500000| Untracked 
| 102|0x0000000086600000, 0x0000000086700000, 0x0000000086700000|100%| O|  |TAMS 0x0000000086700000, 0x0000000086600000| Untracked 
| 103|0x0000000086700000, 0x0000000086800000, 0x0000000086800000|100%|HS|  |TAMS 0x0000000086800000, 0x0000000086700000| Complete 
| 104|0x0000000086800000, 0x0000000086900000, 0x0000000086900000|100%| O|  |TAMS 0x0000000086900000, 0x0000000086800000| Untracked 
| 105|0x0000000086900000, 0x0000000086a00000, 0x0000000086a00000|100%| O|  |TAMS 0x0000000086a00000, 0x0000000086900000| Untracked 
| 106|0x0000000086a00000, 0x0000000086b00000, 0x0000000086b00000|100%| O|  |TAMS 0x0000000086b00000, 0x0000000086a00000| Untracked 
| 107|0x0000000086b00000, 0x0000000086b00000, 0x0000000086c00000|  0%| F|  |TAMS 0x0000000086b00000, 0x0000000086b00000| Untracked 
| 108|0x0000000086c00000, 0x0000000086c00000, 0x0000000086d00000|  0%| F|  |TAMS 0x0000000086c00000, 0x0000000086c00000| Untracked 
| 109|0x0000000086d00000, 0x0000000086d00000, 0x0000000086e00000|  0%| F|  |TAMS 0x0000000086d00000, 0x0000000086d00000| Untracked 
| 110|0x0000000086e00000, 0x0000000086f00000, 0x0000000086f00000|100%| O|  |TAMS 0x0000000086e00000, 0x0000000086e00000| Untracked 
| 111|0x0000000086f00000, 0x0000000087000000, 0x0000000087000000|100%| O|  |TAMS 0x0000000087000000, 0x0000000086f00000| Untracked 
| 112|0x0000000087000000, 0x0000000087100000, 0x0000000087100000|100%|HS|  |TAMS 0x0000000087100000, 0x0000000087000000| Complete 
| 113|0x0000000087100000, 0x0000000087200000, 0x0000000087200000|100%|HC|  |TAMS 0x0000000087200000, 0x0000000087100000| Complete 
| 114|0x0000000087200000, 0x0000000087300000, 0x0000000087300000|100%| O|  |TAMS 0x0000000087300000, 0x0000000087200000| Untracked 
| 115|0x0000000087300000, 0x0000000087400000, 0x0000000087400000|100%| O|  |TAMS 0x0000000087400000, 0x0000000087300000| Untracked 
| 116|0x0000000087400000, 0x0000000087500000, 0x0000000087500000|100%| O|  |TAMS 0x0000000087400000, 0x0000000087400000| Untracked 
| 117|0x0000000087500000, 0x0000000087600000, 0x0000000087600000|100%| O|  |TAMS 0x0000000087500000, 0x0000000087500000| Untracked 
| 118|0x0000000087600000, 0x0000000087600000, 0x0000000087700000|  0%| F|  |TAMS 0x0000000087600000, 0x0000000087600000| Untracked 
| 119|0x0000000087700000, 0x0000000087800000, 0x0000000087800000|100%| O|  |TAMS 0x0000000087700000, 0x0000000087700000| Untracked 
| 120|0x0000000087800000, 0x0000000087900000, 0x0000000087900000|100%| O|  |TAMS 0x0000000087800000, 0x0000000087800000| Untracked 
| 121|0x0000000087900000, 0x0000000087a00000, 0x0000000087a00000|100%| O|  |TAMS 0x0000000087900000, 0x0000000087900000| Untracked 
| 122|0x0000000087a00000, 0x0000000087b00000, 0x0000000087b00000|100%| O|  |TAMS 0x0000000087a00000, 0x0000000087a00000| Untracked 
| 123|0x0000000087b00000, 0x0000000087c00000, 0x0000000087c00000|100%| O|  |TAMS 0x0000000087b00000, 0x0000000087b00000| Untracked 
| 124|0x0000000087c00000, 0x0000000087d00000, 0x0000000087d00000|100%|HS|  |TAMS 0x0000000087c00000, 0x0000000087c00000| Complete 
| 125|0x0000000087d00000, 0x0000000087e00000, 0x0000000087e00000|100%|HS|  |TAMS 0x0000000087d00000, 0x0000000087d00000| Complete 
| 126|0x0000000087e00000, 0x0000000087f00000, 0x0000000087f00000|100%|HS|  |TAMS 0x0000000087e00000, 0x0000000087e00000| Complete 
| 127|0x0000000087f00000, 0x0000000088000000, 0x0000000088000000|100%|HS|  |TAMS 0x0000000087f00000, 0x0000000087f00000| Complete 
| 128|0x0000000088000000, 0x0000000088100000, 0x0000000088100000|100%| O|  |TAMS 0x0000000088000000, 0x0000000088000000| Untracked 
| 129|0x0000000088100000, 0x0000000088200000, 0x0000000088200000|100%| O|  |TAMS 0x0000000088100000, 0x0000000088100000| Untracked 
| 130|0x0000000088200000, 0x0000000088300000, 0x0000000088300000|100%| O|  |TAMS 0x0000000088200000, 0x0000000088200000| Untracked 
| 131|0x0000000088300000, 0x0000000088400000, 0x0000000088400000|100%| O|  |TAMS 0x0000000088300000, 0x0000000088300000| Untracked 
| 132|0x0000000088400000, 0x0000000088500000, 0x0000000088500000|100%| O|  |TAMS 0x0000000088400000, 0x0000000088400000| Untracked 
| 133|0x0000000088500000, 0x0000000088600000, 0x0000000088600000|100%| O|  |TAMS 0x0000000088500000, 0x0000000088500000| Untracked 
| 134|0x0000000088600000, 0x0000000088700000, 0x0000000088700000|100%| O|  |TAMS 0x0000000088600000, 0x0000000088600000| Untracked 
| 135|0x0000000088700000, 0x0000000088800000, 0x0000000088800000|100%| O|  |TAMS 0x0000000088700000, 0x0000000088700000| Untracked 
| 136|0x0000000088800000, 0x0000000088900000, 0x0000000088900000|100%| O|  |TAMS 0x0000000088800000, 0x0000000088800000| Untracked 
| 137|0x0000000088900000, 0x0000000088a00000, 0x0000000088a00000|100%| O|  |TAMS 0x0000000088900000, 0x0000000088900000| Untracked 
| 138|0x0000000088a00000, 0x0000000088b00000, 0x0000000088b00000|100%| O|  |TAMS 0x0000000088a00000, 0x0000000088a00000| Untracked 
| 139|0x0000000088b00000, 0x0000000088c00000, 0x0000000088c00000|100%| O|  |TAMS 0x0000000088b00000, 0x0000000088b00000| Untracked 
| 140|0x0000000088c00000, 0x0000000088c00000, 0x0000000088d00000|  0%| F|  |TAMS 0x0000000088c00000, 0x0000000088c00000| Untracked 
| 141|0x0000000088d00000, 0x0000000088d00000, 0x0000000088e00000|  0%| F|  |TAMS 0x0000000088d00000, 0x0000000088d00000| Untracked 
| 142|0x0000000088e00000, 0x0000000088e00000, 0x0000000088f00000|  0%| F|  |TAMS 0x0000000088e00000, 0x0000000088e00000| Untracked 
| 143|0x0000000088f00000, 0x0000000088f00000, 0x0000000089000000|  0%| F|  |TAMS 0x0000000088f00000, 0x0000000088f00000| Untracked 
| 144|0x0000000089000000, 0x0000000089000000, 0x0000000089100000|  0%| F|  |TAMS 0x0000000089000000, 0x0000000089000000| Untracked 
| 145|0x0000000089100000, 0x0000000089100000, 0x0000000089200000|  0%| F|  |TAMS 0x0000000089100000, 0x0000000089100000| Untracked 
| 146|0x0000000089200000, 0x0000000089200000, 0x0000000089300000|  0%| F|  |TAMS 0x0000000089200000, 0x0000000089200000| Untracked 
| 147|0x0000000089300000, 0x0000000089300000, 0x0000000089400000|  0%| F|  |TAMS 0x0000000089300000, 0x0000000089300000| Untracked 
| 148|0x0000000089400000, 0x0000000089400000, 0x0000000089500000|  0%| F|  |TAMS 0x0000000089400000, 0x0000000089400000| Untracked 
| 149|0x0000000089500000, 0x0000000089500000, 0x0000000089600000|  0%| F|  |TAMS 0x0000000089500000, 0x0000000089500000| Untracked 
| 150|0x0000000089600000, 0x0000000089600000, 0x0000000089700000|  0%| F|  |TAMS 0x0000000089600000, 0x0000000089600000| Untracked 
| 151|0x0000000089700000, 0x0000000089700000, 0x0000000089800000|  0%| F|  |TAMS 0x0000000089700000, 0x0000000089700000| Untracked 
| 152|0x0000000089800000, 0x0000000089800000, 0x0000000089900000|  0%| F|  |TAMS 0x0000000089800000, 0x0000000089800000| Untracked 
| 153|0x0000000089900000, 0x0000000089900000, 0x0000000089a00000|  0%| F|  |TAMS 0x0000000089900000, 0x0000000089900000| Untracked 
| 154|0x0000000089a00000, 0x0000000089a00000, 0x0000000089b00000|  0%| F|  |TAMS 0x0000000089a00000, 0x0000000089a00000| Untracked 
| 155|0x0000000089b00000, 0x0000000089b00000, 0x0000000089c00000|  0%| F|  |TAMS 0x0000000089b00000, 0x0000000089b00000| Untracked 
| 156|0x0000000089c00000, 0x0000000089c00000, 0x0000000089d00000|  0%| F|  |TAMS 0x0000000089c00000, 0x0000000089c00000| Untracked 
| 157|0x0000000089d00000, 0x0000000089d00000, 0x0000000089e00000|  0%| F|  |TAMS 0x0000000089d00000, 0x0000000089d00000| Untracked 
| 158|0x0000000089e00000, 0x0000000089e00000, 0x0000000089f00000|  0%| F|  |TAMS 0x0000000089e00000, 0x0000000089e00000| Untracked 
| 159|0x0000000089f00000, 0x0000000089f00000, 0x000000008a000000|  0%| F|  |TAMS 0x0000000089f00000, 0x0000000089f00000| Untracked 
| 160|0x000000008a000000, 0x000000008a000000, 0x000000008a100000|  0%| F|  |TAMS 0x000000008a000000, 0x000000008a000000| Untracked 
| 161|0x000000008a100000, 0x000000008a200000, 0x000000008a200000|100%| O|  |TAMS 0x000000008a100000, 0x000000008a100000| Untracked 
| 162|0x000000008a200000, 0x000000008a300000, 0x000000008a300000|100%| O|  |TAMS 0x000000008a200000, 0x000000008a200000| Untracked 
| 163|0x000000008a300000, 0x000000008a400000, 0x000000008a400000|100%| O|  |TAMS 0x000000008a300000, 0x000000008a300000| Untracked 
| 164|0x000000008a400000, 0x000000008a500000, 0x000000008a500000|100%| O|  |TAMS 0x000000008a400000, 0x000000008a400000| Untracked 
| 165|0x000000008a500000, 0x000000008a600000, 0x000000008a600000|100%| O|  |TAMS 0x000000008a500000, 0x000000008a500000| Untracked 
| 166|0x000000008a600000, 0x000000008a700000, 0x000000008a700000|100%| O|  |TAMS 0x000000008a600000, 0x000000008a600000| Untracked 
| 167|0x000000008a700000, 0x000000008a800000, 0x000000008a800000|100%| O|  |TAMS 0x000000008a700000, 0x000000008a700000| Untracked 
| 168|0x000000008a800000, 0x000000008a900000, 0x000000008a900000|100%| O|  |TAMS 0x000000008a800000, 0x000000008a800000| Untracked 
| 169|0x000000008a900000, 0x000000008aa00000, 0x000000008aa00000|100%| O|  |TAMS 0x000000008a900000, 0x000000008a900000| Untracked 
| 170|0x000000008aa00000, 0x000000008ab00000, 0x000000008ab00000|100%| O|  |TAMS 0x000000008aa00000, 0x000000008aa00000| Untracked 
| 171|0x000000008ab00000, 0x000000008ac00000, 0x000000008ac00000|100%| O|  |TAMS 0x000000008ab00000, 0x000000008ab00000| Untracked 
| 172|0x000000008ac00000, 0x000000008ad00000, 0x000000008ad00000|100%| O|  |TAMS 0x000000008ac00000, 0x000000008ac00000| Untracked 
| 173|0x000000008ad00000, 0x000000008ae00000, 0x000000008ae00000|100%| O|  |TAMS 0x000000008ad00000, 0x000000008ad00000| Untracked 
| 174|0x000000008ae00000, 0x000000008ae00000, 0x000000008af00000|  0%| F|  |TAMS 0x000000008ae00000, 0x000000008ae00000| Untracked 
| 175|0x000000008af00000, 0x000000008af00000, 0x000000008b000000|  0%| F|  |TAMS 0x000000008af00000, 0x000000008af00000| Untracked 
| 176|0x000000008b000000, 0x000000008b000000, 0x000000008b100000|  0%| F|  |TAMS 0x000000008b000000, 0x000000008b000000| Untracked 
| 177|0x000000008b100000, 0x000000008b100000, 0x000000008b200000|  0%| F|  |TAMS 0x000000008b100000, 0x000000008b100000| Untracked 
| 178|0x000000008b200000, 0x000000008b200000, 0x000000008b300000|  0%| F|  |TAMS 0x000000008b200000, 0x000000008b200000| Untracked 
| 179|0x000000008b300000, 0x000000008b300000, 0x000000008b400000|  0%| F|  |TAMS 0x000000008b300000, 0x000000008b300000| Untracked 
| 180|0x000000008b400000, 0x000000008b400000, 0x000000008b500000|  0%| F|  |TAMS 0x000000008b400000, 0x000000008b400000| Untracked 
| 181|0x000000008b500000, 0x000000008b500000, 0x000000008b600000|  0%| F|  |TAMS 0x000000008b500000, 0x000000008b500000| Untracked 
| 182|0x000000008b600000, 0x000000008b600000, 0x000000008b700000|  0%| F|  |TAMS 0x000000008b600000, 0x000000008b600000| Untracked 
| 183|0x000000008b700000, 0x000000008b700000, 0x000000008b800000|  0%| F|  |TAMS 0x000000008b700000, 0x000000008b700000| Untracked 
| 184|0x000000008b800000, 0x000000008b800000, 0x000000008b900000|  0%| F|  |TAMS 0x000000008b800000, 0x000000008b800000| Untracked 
| 185|0x000000008b900000, 0x000000008b900000, 0x000000008ba00000|  0%| F|  |TAMS 0x000000008b900000, 0x000000008b900000| Untracked 
| 186|0x000000008ba00000, 0x000000008ba00000, 0x000000008bb00000|  0%| F|  |TAMS 0x000000008ba00000, 0x000000008ba00000| Untracked 
| 187|0x000000008bb00000, 0x000000008bb00000, 0x000000008bc00000|  0%| F|  |TAMS 0x000000008bb00000, 0x000000008bb00000| Untracked 
| 188|0x000000008bc00000, 0x000000008bc00000, 0x000000008bd00000|  0%| F|  |TAMS 0x000000008bc00000, 0x000000008bc00000| Untracked 
| 189|0x000000008bd00000, 0x000000008bd00000, 0x000000008be00000|  0%| F|  |TAMS 0x000000008bd00000, 0x000000008bd00000| Untracked 
| 190|0x000000008be00000, 0x000000008be00000, 0x000000008bf00000|  0%| F|  |TAMS 0x000000008be00000, 0x000000008be00000| Untracked 
| 191|0x000000008bf00000, 0x000000008bf00000, 0x000000008c000000|  0%| F|  |TAMS 0x000000008bf00000, 0x000000008bf00000| Untracked 
| 192|0x000000008c000000, 0x000000008c000000, 0x000000008c100000|  0%| F|  |TAMS 0x000000008c000000, 0x000000008c000000| Untracked 
| 193|0x000000008c100000, 0x000000008c100000, 0x000000008c200000|  0%| F|  |TAMS 0x000000008c100000, 0x000000008c100000| Untracked 
| 194|0x000000008c200000, 0x000000008c300000, 0x000000008c300000|100%| S|  |TAMS 0x000000008c200000, 0x000000008c200000| Complete 
| 195|0x000000008c300000, 0x000000008c400000, 0x000000008c400000|100%| S|  |TAMS 0x000000008c300000, 0x000000008c300000| Complete 
| 196|0x000000008c400000, 0x000000008c500000, 0x000000008c500000|100%| S|  |TAMS 0x000000008c400000, 0x000000008c400000| Complete 
| 197|0x000000008c500000, 0x000000008c600000, 0x000000008c600000|100%| S|  |TAMS 0x000000008c500000, 0x000000008c500000| Complete 
| 198|0x000000008c600000, 0x000000008c700000, 0x000000008c700000|100%| S|  |TAMS 0x000000008c600000, 0x000000008c600000| Complete 
| 199|0x000000008c700000, 0x000000008c800000, 0x000000008c800000|100%| S|  |TAMS 0x000000008c700000, 0x000000008c700000| Complete 
| 200|0x000000008c800000, 0x000000008c900000, 0x000000008c900000|100%| S|  |TAMS 0x000000008c800000, 0x000000008c800000| Complete 
| 201|0x000000008c900000, 0x000000008ca00000, 0x000000008ca00000|100%| S|  |TAMS 0x000000008c900000, 0x000000008c900000| Complete 
| 202|0x000000008ca00000, 0x000000008cb00000, 0x000000008cb00000|100%| E|CS|TAMS 0x000000008ca00000, 0x000000008ca00000| Complete 
| 203|0x000000008cb00000, 0x000000008cc00000, 0x000000008cc00000|100%| E|CS|TAMS 0x000000008cb00000, 0x000000008cb00000| Complete 
| 204|0x000000008cc00000, 0x000000008cd00000, 0x000000008cd00000|100%| E|CS|TAMS 0x000000008cc00000, 0x000000008cc00000| Complete 
| 205|0x000000008cd00000, 0x000000008ce00000, 0x000000008ce00000|100%| E|CS|TAMS 0x000000008cd00000, 0x000000008cd00000| Complete 
| 206|0x000000008ce00000, 0x000000008cf00000, 0x000000008cf00000|100%| E|CS|TAMS 0x000000008ce00000, 0x000000008ce00000| Complete 
| 207|0x000000008cf00000, 0x000000008d000000, 0x000000008d000000|100%| E|CS|TAMS 0x000000008cf00000, 0x000000008cf00000| Complete 
| 208|0x000000008d000000, 0x000000008d100000, 0x000000008d100000|100%| E|CS|TAMS 0x000000008d000000, 0x000000008d000000| Complete 
| 209|0x000000008d100000, 0x000000008d200000, 0x000000008d200000|100%| E|CS|TAMS 0x000000008d100000, 0x000000008d100000| Complete 
| 210|0x000000008d200000, 0x000000008d300000, 0x000000008d300000|100%| E|CS|TAMS 0x000000008d200000, 0x000000008d200000| Complete 
| 211|0x000000008d300000, 0x000000008d400000, 0x000000008d400000|100%| E|CS|TAMS 0x000000008d300000, 0x000000008d300000| Complete 
| 212|0x000000008d400000, 0x000000008d500000, 0x000000008d500000|100%| E|CS|TAMS 0x000000008d400000, 0x000000008d400000| Complete 
| 213|0x000000008d500000, 0x000000008d600000, 0x000000008d600000|100%| E|CS|TAMS 0x000000008d500000, 0x000000008d500000| Complete 
| 214|0x000000008d600000, 0x000000008d700000, 0x000000008d700000|100%| E|CS|TAMS 0x000000008d600000, 0x000000008d600000| Complete 
| 215|0x000000008d700000, 0x000000008d800000, 0x000000008d800000|100%| E|CS|TAMS 0x000000008d700000, 0x000000008d700000| Complete 
| 216|0x000000008d800000, 0x000000008d900000, 0x000000008d900000|100%| E|CS|TAMS 0x000000008d800000, 0x000000008d800000| Complete 
| 217|0x000000008d900000, 0x000000008da00000, 0x000000008da00000|100%| E|CS|TAMS 0x000000008d900000, 0x000000008d900000| Complete 
| 218|0x000000008da00000, 0x000000008db00000, 0x000000008db00000|100%| E|CS|TAMS 0x000000008da00000, 0x000000008da00000| Complete 
| 219|0x000000008db00000, 0x000000008dc00000, 0x000000008dc00000|100%| E|CS|TAMS 0x000000008db00000, 0x000000008db00000| Complete 
| 220|0x000000008dc00000, 0x000000008dd00000, 0x000000008dd00000|100%| E|CS|TAMS 0x000000008dc00000, 0x000000008dc00000| Complete 
| 221|0x000000008dd00000, 0x000000008de00000, 0x000000008de00000|100%| E|CS|TAMS 0x000000008dd00000, 0x000000008dd00000| Complete 
| 222|0x000000008de00000, 0x000000008df00000, 0x000000008df00000|100%| E|CS|TAMS 0x000000008de00000, 0x000000008de00000| Complete 
| 223|0x000000008df00000, 0x000000008e000000, 0x000000008e000000|100%| E|CS|TAMS 0x000000008df00000, 0x000000008df00000| Complete 
| 224|0x000000008e000000, 0x000000008e100000, 0x000000008e100000|100%| E|CS|TAMS 0x000000008e000000, 0x000000008e000000| Complete 
| 225|0x000000008e100000, 0x000000008e200000, 0x000000008e200000|100%| E|CS|TAMS 0x000000008e100000, 0x000000008e100000| Complete 
| 226|0x000000008e200000, 0x000000008e300000, 0x000000008e300000|100%| E|CS|TAMS 0x000000008e200000, 0x000000008e200000| Complete 
| 227|0x000000008e300000, 0x000000008e400000, 0x000000008e400000|100%| E|CS|TAMS 0x000000008e300000, 0x000000008e300000| Complete 
| 228|0x000000008e400000, 0x000000008e500000, 0x000000008e500000|100%| E|CS|TAMS 0x000000008e400000, 0x000000008e400000| Complete 
| 229|0x000000008e500000, 0x000000008e600000, 0x000000008e600000|100%| E|CS|TAMS 0x000000008e500000, 0x000000008e500000| Complete 
| 230|0x000000008e600000, 0x000000008e700000, 0x000000008e700000|100%| E|CS|TAMS 0x000000008e600000, 0x000000008e600000| Complete 
| 231|0x000000008e700000, 0x000000008e800000, 0x000000008e800000|100%| E|CS|TAMS 0x000000008e700000, 0x000000008e700000| Complete 
| 232|0x000000008e800000, 0x000000008e900000, 0x000000008e900000|100%| E|CS|TAMS 0x000000008e800000, 0x000000008e800000| Complete 
| 233|0x000000008e900000, 0x000000008ea00000, 0x000000008ea00000|100%| E|CS|TAMS 0x000000008e900000, 0x000000008e900000| Complete 
| 234|0x000000008ea00000, 0x000000008eb00000, 0x000000008eb00000|100%| E|CS|TAMS 0x000000008ea00000, 0x000000008ea00000| Complete 
| 235|0x000000008eb00000, 0x000000008ec00000, 0x000000008ec00000|100%| E|CS|TAMS 0x000000008eb00000, 0x000000008eb00000| Complete 
| 236|0x000000008ec00000, 0x000000008ed00000, 0x000000008ed00000|100%| E|CS|TAMS 0x000000008ec00000, 0x000000008ec00000| Complete 
| 237|0x000000008ed00000, 0x000000008ee00000, 0x000000008ee00000|100%| E|CS|TAMS 0x000000008ed00000, 0x000000008ed00000| Complete 
| 238|0x000000008ee00000, 0x000000008ef00000, 0x000000008ef00000|100%| E|CS|TAMS 0x000000008ee00000, 0x000000008ee00000| Complete 
| 239|0x000000008ef00000, 0x000000008f000000, 0x000000008f000000|100%| E|CS|TAMS 0x000000008ef00000, 0x000000008ef00000| Complete 
| 240|0x000000008f000000, 0x000000008f100000, 0x000000008f100000|100%| E|CS|TAMS 0x000000008f000000, 0x000000008f000000| Complete 
| 241|0x000000008f100000, 0x000000008f200000, 0x000000008f200000|100%| E|CS|TAMS 0x000000008f100000, 0x000000008f100000| Complete 
| 242|0x000000008f200000, 0x000000008f300000, 0x000000008f300000|100%| E|CS|TAMS 0x000000008f200000, 0x000000008f200000| Complete 
| 243|0x000000008f300000, 0x000000008f400000, 0x000000008f400000|100%| E|CS|TAMS 0x000000008f300000, 0x000000008f300000| Complete 
| 244|0x000000008f400000, 0x000000008f500000, 0x000000008f500000|100%| E|CS|TAMS 0x000000008f400000, 0x000000008f400000| Complete 
| 245|0x000000008f500000, 0x000000008f600000, 0x000000008f600000|100%| E|CS|TAMS 0x000000008f500000, 0x000000008f500000| Complete 
| 246|0x000000008f600000, 0x000000008f700000, 0x000000008f700000|100%| E|CS|TAMS 0x000000008f600000, 0x000000008f600000| Complete 
| 247|0x000000008f700000, 0x000000008f800000, 0x000000008f800000|100%| E|CS|TAMS 0x000000008f700000, 0x000000008f700000| Complete 
| 248|0x000000008f800000, 0x000000008f900000, 0x000000008f900000|100%| E|CS|TAMS 0x000000008f800000, 0x000000008f800000| Complete 
| 249|0x000000008f900000, 0x000000008fa00000, 0x000000008fa00000|100%| E|CS|TAMS 0x000000008f900000, 0x000000008f900000| Complete 
| 250|0x000000008fa00000, 0x000000008fb00000, 0x000000008fb00000|100%| E|CS|TAMS 0x000000008fa00000, 0x000000008fa00000| Complete 
| 251|0x000000008fb00000, 0x000000008fc00000, 0x000000008fc00000|100%| E|CS|TAMS 0x000000008fb00000, 0x000000008fb00000| Complete 
| 252|0x000000008fc00000, 0x000000008fd00000, 0x000000008fd00000|100%| E|CS|TAMS 0x000000008fc00000, 0x000000008fc00000| Complete 
| 253|0x000000008fd00000, 0x000000008fe00000, 0x000000008fe00000|100%| E|CS|TAMS 0x000000008fd00000, 0x000000008fd00000| Complete 
| 254|0x000000008fe00000, 0x000000008ff00000, 0x000000008ff00000|100%| E|CS|TAMS 0x000000008fe00000, 0x000000008fe00000| Complete 
| 255|0x000000008ff00000, 0x0000000090000000, 0x0000000090000000|100%| E|CS|TAMS 0x000000008ff00000, 0x000000008ff00000| Complete 
| 256|0x0000000090000000, 0x0000000090100000, 0x0000000090100000|100%| E|CS|TAMS 0x0000000090000000, 0x0000000090000000| Complete 
| 257|0x0000000090100000, 0x0000000090200000, 0x0000000090200000|100%| E|CS|TAMS 0x0000000090100000, 0x0000000090100000| Complete 
| 258|0x0000000090200000, 0x0000000090300000, 0x0000000090300000|100%| E|CS|TAMS 0x0000000090200000, 0x0000000090200000| Complete 
| 259|0x0000000090300000, 0x0000000090400000, 0x0000000090400000|100%| E|CS|TAMS 0x0000000090300000, 0x0000000090300000| Complete 
| 260|0x0000000090400000, 0x0000000090500000, 0x0000000090500000|100%| E|CS|TAMS 0x0000000090400000, 0x0000000090400000| Complete 
| 261|0x0000000090500000, 0x0000000090600000, 0x0000000090600000|100%| E|CS|TAMS 0x0000000090500000, 0x0000000090500000| Complete 
| 262|0x0000000090600000, 0x0000000090700000, 0x0000000090700000|100%| E|CS|TAMS 0x0000000090600000, 0x0000000090600000| Complete 
| 263|0x0000000090700000, 0x0000000090800000, 0x0000000090800000|100%| E|CS|TAMS 0x0000000090700000, 0x0000000090700000| Complete 
| 264|0x0000000090800000, 0x0000000090900000, 0x0000000090900000|100%| E|CS|TAMS 0x0000000090800000, 0x0000000090800000| Complete 
| 265|0x0000000090900000, 0x0000000090a00000, 0x0000000090a00000|100%| E|CS|TAMS 0x0000000090900000, 0x0000000090900000| Complete 
| 266|0x0000000090a00000, 0x0000000090b00000, 0x0000000090b00000|100%| E|CS|TAMS 0x0000000090a00000, 0x0000000090a00000| Complete 
| 267|0x0000000090b00000, 0x0000000090c00000, 0x0000000090c00000|100%| E|CS|TAMS 0x0000000090b00000, 0x0000000090b00000| Complete 
| 268|0x0000000090c00000, 0x0000000090d00000, 0x0000000090d00000|100%| E|CS|TAMS 0x0000000090c00000, 0x0000000090c00000| Complete 
| 269|0x0000000090d00000, 0x0000000090e00000, 0x0000000090e00000|100%| E|CS|TAMS 0x0000000090d00000, 0x0000000090d00000| Complete 
| 270|0x0000000090e00000, 0x0000000090f00000, 0x0000000090f00000|100%| E|CS|TAMS 0x0000000090e00000, 0x0000000090e00000| Complete 
| 271|0x0000000090f00000, 0x0000000091000000, 0x0000000091000000|100%| E|CS|TAMS 0x0000000090f00000, 0x0000000090f00000| Complete 
| 272|0x0000000091000000, 0x0000000091100000, 0x0000000091100000|100%| E|CS|TAMS 0x0000000091000000, 0x0000000091000000| Complete 
| 273|0x0000000091100000, 0x0000000091200000, 0x0000000091200000|100%| E|CS|TAMS 0x0000000091100000, 0x0000000091100000| Complete 
| 274|0x0000000091200000, 0x0000000091300000, 0x0000000091300000|100%| E|CS|TAMS 0x0000000091200000, 0x0000000091200000| Complete 
| 275|0x0000000091300000, 0x0000000091400000, 0x0000000091400000|100%| E|CS|TAMS 0x0000000091300000, 0x0000000091300000| Complete 
| 276|0x0000000091400000, 0x0000000091500000, 0x0000000091500000|100%| E|CS|TAMS 0x0000000091400000, 0x0000000091400000| Complete 
| 277|0x0000000091500000, 0x0000000091600000, 0x0000000091600000|100%| E|CS|TAMS 0x0000000091500000, 0x0000000091500000| Complete 
| 278|0x0000000091600000, 0x0000000091700000, 0x0000000091700000|100%| E|CS|TAMS 0x0000000091600000, 0x0000000091600000| Complete 
| 279|0x0000000091700000, 0x0000000091800000, 0x0000000091800000|100%| E|CS|TAMS 0x0000000091700000, 0x0000000091700000| Complete 
| 280|0x0000000091800000, 0x0000000091900000, 0x0000000091900000|100%| E|CS|TAMS 0x0000000091800000, 0x0000000091800000| Complete 
| 281|0x0000000091900000, 0x0000000091a00000, 0x0000000091a00000|100%| E|CS|TAMS 0x0000000091900000, 0x0000000091900000| Complete 
| 282|0x0000000091a00000, 0x0000000091b00000, 0x0000000091b00000|100%| E|CS|TAMS 0x0000000091a00000, 0x0000000091a00000| Complete 
| 283|0x0000000091b00000, 0x0000000091c00000, 0x0000000091c00000|100%| E|CS|TAMS 0x0000000091b00000, 0x0000000091b00000| Complete 
| 284|0x0000000091c00000, 0x0000000091d00000, 0x0000000091d00000|100%| E|CS|TAMS 0x0000000091c00000, 0x0000000091c00000| Complete 
| 285|0x0000000091d00000, 0x0000000091e00000, 0x0000000091e00000|100%| E|CS|TAMS 0x0000000091d00000, 0x0000000091d00000| Complete 
| 286|0x0000000091e00000, 0x0000000091f00000, 0x0000000091f00000|100%| E|CS|TAMS 0x0000000091e00000, 0x0000000091e00000| Complete 
| 287|0x0000000091f00000, 0x0000000092000000, 0x0000000092000000|100%| E|CS|TAMS 0x0000000091f00000, 0x0000000091f00000| Complete 
| 288|0x0000000092000000, 0x0000000092100000, 0x0000000092100000|100%| E|CS|TAMS 0x0000000092000000, 0x0000000092000000| Complete 
| 289|0x0000000092100000, 0x0000000092200000, 0x0000000092200000|100%| E|CS|TAMS 0x0000000092100000, 0x0000000092100000| Complete 
| 290|0x0000000092200000, 0x0000000092300000, 0x0000000092300000|100%| E|CS|TAMS 0x0000000092200000, 0x0000000092200000| Complete 
| 291|0x0000000092300000, 0x0000000092400000, 0x0000000092400000|100%| E|CS|TAMS 0x0000000092300000, 0x0000000092300000| Complete 
| 292|0x0000000092400000, 0x0000000092500000, 0x0000000092500000|100%| E|CS|TAMS 0x0000000092400000, 0x0000000092400000| Complete 
| 293|0x0000000092500000, 0x0000000092600000, 0x0000000092600000|100%| E|CS|TAMS 0x0000000092500000, 0x0000000092500000| Complete 
| 294|0x0000000092600000, 0x0000000092700000, 0x0000000092700000|100%| E|CS|TAMS 0x0000000092600000, 0x0000000092600000| Complete 
| 295|0x0000000092700000, 0x0000000092800000, 0x0000000092800000|100%| E|CS|TAMS 0x0000000092700000, 0x0000000092700000| Complete 
| 296|0x0000000092800000, 0x0000000092900000, 0x0000000092900000|100%| E|CS|TAMS 0x0000000092800000, 0x0000000092800000| Complete 
| 297|0x0000000092900000, 0x0000000092a00000, 0x0000000092a00000|100%| E|CS|TAMS 0x0000000092900000, 0x0000000092900000| Complete 
| 298|0x0000000092a00000, 0x0000000092b00000, 0x0000000092b00000|100%| E|CS|TAMS 0x0000000092a00000, 0x0000000092a00000| Complete 
| 299|0x0000000092b00000, 0x0000000092c00000, 0x0000000092c00000|100%| E|CS|TAMS 0x0000000092b00000, 0x0000000092b00000| Complete 
| 300|0x0000000092c00000, 0x0000000092d00000, 0x0000000092d00000|100%| E|CS|TAMS 0x0000000092c00000, 0x0000000092c00000| Complete 
| 301|0x0000000092d00000, 0x0000000092e00000, 0x0000000092e00000|100%| E|CS|TAMS 0x0000000092d00000, 0x0000000092d00000| Complete 
| 302|0x0000000092e00000, 0x0000000092f00000, 0x0000000092f00000|100%| E|CS|TAMS 0x0000000092e00000, 0x0000000092e00000| Complete 
| 303|0x0000000092f00000, 0x0000000093000000, 0x0000000093000000|100%| E|CS|TAMS 0x0000000092f00000, 0x0000000092f00000| Complete 
| 304|0x0000000093000000, 0x0000000093100000, 0x0000000093100000|100%| E|CS|TAMS 0x0000000093000000, 0x0000000093000000| Complete 
| 305|0x0000000093100000, 0x0000000093200000, 0x0000000093200000|100%| E|CS|TAMS 0x0000000093100000, 0x0000000093100000| Complete 
| 306|0x0000000093200000, 0x0000000093300000, 0x0000000093300000|100%| E|CS|TAMS 0x0000000093200000, 0x0000000093200000| Complete 
| 307|0x0000000093300000, 0x0000000093400000, 0x0000000093400000|100%| E|CS|TAMS 0x0000000093300000, 0x0000000093300000| Complete 
| 308|0x0000000093400000, 0x0000000093500000, 0x0000000093500000|100%| E|CS|TAMS 0x0000000093400000, 0x0000000093400000| Complete 
| 309|0x0000000093500000, 0x0000000093600000, 0x0000000093600000|100%| E|CS|TAMS 0x0000000093500000, 0x0000000093500000| Complete 
| 310|0x0000000093600000, 0x0000000093700000, 0x0000000093700000|100%| E|CS|TAMS 0x0000000093600000, 0x0000000093600000| Complete 
| 311|0x0000000093700000, 0x0000000093800000, 0x0000000093800000|100%| E|CS|TAMS 0x0000000093700000, 0x0000000093700000| Complete 
| 312|0x0000000093800000, 0x0000000093900000, 0x0000000093900000|100%| E|CS|TAMS 0x0000000093800000, 0x0000000093800000| Complete 
| 313|0x0000000093900000, 0x0000000093a00000, 0x0000000093a00000|100%| E|CS|TAMS 0x0000000093900000, 0x0000000093900000| Complete 
| 314|0x0000000093a00000, 0x0000000093b00000, 0x0000000093b00000|100%| E|CS|TAMS 0x0000000093a00000, 0x0000000093a00000| Complete 
| 315|0x0000000093b00000, 0x0000000093c00000, 0x0000000093c00000|100%| E|CS|TAMS 0x0000000093b00000, 0x0000000093b00000| Complete 
| 316|0x0000000093c00000, 0x0000000093d00000, 0x0000000093d00000|100%| E|CS|TAMS 0x0000000093c00000, 0x0000000093c00000| Complete 
| 317|0x0000000093d00000, 0x0000000093e00000, 0x0000000093e00000|100%| E|CS|TAMS 0x0000000093d00000, 0x0000000093d00000| Complete 
| 318|0x0000000093e00000, 0x0000000093f00000, 0x0000000093f00000|100%| E|CS|TAMS 0x0000000093e00000, 0x0000000093e00000| Complete 
| 319|0x0000000093f00000, 0x0000000094000000, 0x0000000094000000|100%| E|CS|TAMS 0x0000000093f00000, 0x0000000093f00000| Complete 
| 320|0x0000000094000000, 0x0000000094100000, 0x0000000094100000|100%| E|CS|TAMS 0x0000000094000000, 0x0000000094000000| Complete 
| 321|0x0000000094100000, 0x0000000094200000, 0x0000000094200000|100%| E|CS|TAMS 0x0000000094100000, 0x0000000094100000| Complete 
| 322|0x0000000094200000, 0x0000000094300000, 0x0000000094300000|100%| E|CS|TAMS 0x0000000094200000, 0x0000000094200000| Complete 
| 323|0x0000000094300000, 0x0000000094400000, 0x0000000094400000|100%| E|CS|TAMS 0x0000000094300000, 0x0000000094300000| Complete 
| 324|0x0000000094400000, 0x0000000094500000, 0x0000000094500000|100%| E|CS|TAMS 0x0000000094400000, 0x0000000094400000| Complete 
| 325|0x0000000094500000, 0x0000000094600000, 0x0000000094600000|100%| E|CS|TAMS 0x0000000094500000, 0x0000000094500000| Complete 
| 326|0x0000000094600000, 0x0000000094700000, 0x0000000094700000|100%| E|CS|TAMS 0x0000000094600000, 0x0000000094600000| Complete 
| 327|0x0000000094700000, 0x0000000094800000, 0x0000000094800000|100%| O|  |TAMS 0x0000000094700000, 0x0000000094700000| Untracked 
| 328|0x0000000094800000, 0x0000000094900000, 0x0000000094900000|100%| O|  |TAMS 0x0000000094800000, 0x0000000094800000| Untracked 
| 329|0x0000000094900000, 0x0000000094a00000, 0x0000000094a00000|100%| O|  |TAMS 0x0000000094900000, 0x0000000094900000| Untracked 
| 330|0x0000000094a00000, 0x0000000094b00000, 0x0000000094b00000|100%| O|  |TAMS 0x0000000094a00000, 0x0000000094a00000| Untracked 
| 331|0x0000000094b00000, 0x0000000094c00000, 0x0000000094c00000|100%| O|  |TAMS 0x0000000094b00000, 0x0000000094b00000| Untracked 
| 332|0x0000000094c00000, 0x0000000094d00000, 0x0000000094d00000|100%| O|  |TAMS 0x0000000094c00000, 0x0000000094c00000| Untracked 
| 333|0x0000000094d00000, 0x0000000094e00000, 0x0000000094e00000|100%| O|  |TAMS 0x0000000094d00000, 0x0000000094d00000| Untracked 
| 334|0x0000000094e00000, 0x0000000094f00000, 0x0000000094f00000|100%| O|  |TAMS 0x0000000094e00000, 0x0000000094e00000| Untracked 
| 335|0x0000000094f00000, 0x0000000095000000, 0x0000000095000000|100%| O|  |TAMS 0x0000000094f00000, 0x0000000094f00000| Untracked 
| 336|0x0000000095000000, 0x0000000095100000, 0x0000000095100000|100%| O|  |TAMS 0x0000000095000000, 0x0000000095000000| Untracked 

Card table byte_map: [0x000001b83af00000,0x000001b83b300000] _byte_map_base: 0x000001b83ab00000

Marking Bits (Prev, Next): (CMBitMap*) 0x000001b82844c6f8, (CMBitMap*) 0x000001b82844c730
 Prev Bits: [0x000001b83b700000, 0x000001b83d700000)
 Next Bits: [0x000001b83d700000, 0x000001b83f700000)

Polling page: 0x000001b826400000

Metaspace:

Usage:
  Non-class:    108.70 MB capacity,   106.61 MB ( 98%) used,     1.71 MB (  2%) free+waste,   385.38 KB ( <1%) overhead. 
      Class:     16.08 MB capacity,    14.97 MB ( 93%) used,   972.03 KB (  6%) free+waste,   164.56 KB ( <1%) overhead. 
       Both:    124.78 MB capacity,   121.58 MB ( 97%) used,     2.66 MB (  2%) free+waste,   549.94 KB ( <1%) overhead. 

Virtual space:
  Non-class space:      110.00 MB reserved,     108.92 MB (>99%) committed 
      Class space:        1.00 GB reserved,      16.20 MB (  2%) committed 
             Both:        1.11 GB reserved,     125.12 MB ( 11%) committed 

Chunk freelists:
   Non-Class:  34.00 KB
       Class:  12.00 KB
        Both:  46.00 KB

MaxMetaspaceSize: 17179869184.00 GB
CompressedClassSpaceSize: 1.00 GB

CodeHeap 'non-profiled nmethods': size=120064Kb used=16455Kb max_used=16455Kb free=103608Kb
 bounds [0x000001b8339c0000, 0x000001b8349e0000, 0x000001b83af00000]
CodeHeap 'profiled nmethods': size=120000Kb used=49541Kb max_used=49541Kb free=70458Kb
 bounds [0x000001b82c490000, 0x000001b82f530000, 0x000001b8339c0000]
CodeHeap 'non-nmethods': size=5696Kb used=2334Kb max_used=2395Kb free=3361Kb
 bounds [0x000001b82bf00000, 0x000001b82c170000, 0x000001b82c490000]
 total_blobs=20607 nmethods=19642 adapters=875
 compilation: enabled
              stopped_count=0, restarted_count=0
 full_count=0

Compilation events (20 events):
Event: 522.331 Thread 0x000001b842346000 nmethod 23838 0x000001b8349d4710 code [0x000001b8349d48c0, 0x000001b8349d4978]
Event: 522.339 Thread 0x000001b842346000 23839       3       com.google.common.collect.ComparatorOrdering::compare (12 bytes)
Event: 522.339 Thread 0x000001b842346000 nmethod 23839 0x000001b82f51f110 code [0x000001b82f51f2c0, 0x000001b82f51f488]
Event: 522.339 Thread 0x000001b842346000 23840       3       com.android.support.AndroidxNameUtils$$Lambda$1584/0x0000000100f86840::compare (12 bytes)
Event: 522.339 Thread 0x000001b842346000 nmethod 23840 0x000001b82f51f590 code [0x000001b82f51f760, 0x000001b82f51fa68]
Event: 522.340 Thread 0x000001b842346000 23841       3       com.android.support.AndroidxNameUtils::lambda$static$0 (12 bytes)
Event: 522.340 Thread 0x000001b842346000 nmethod 23841 0x000001b82f51fb90 code [0x000001b82f51fd80, 0x000001b82f520178]
Event: 522.341 Thread 0x000001b842346000 23842       3       com.google.common.collect.RegularImmutableList::get (7 bytes)
Event: 522.341 Thread 0x000001b842346000 nmethod 23842 0x000001b82f520390 code [0x000001b82f520540, 0x000001b82f520678]
Event: 522.344 Thread 0x000001b842343000 23843       4       com.google.common.collect.RegularImmutableList::get (7 bytes)
Event: 522.345 Thread 0x000001b842343000 nmethod 23843 0x000001b8349d4a10 code [0x000001b8349d4ba0, 0x000001b8349d4c38]
Event: 522.357 Thread 0x000001b842343000 23844       4       java.lang.Class::annotationData (44 bytes)
Event: 522.808 Thread 0x000001b842346000 23846       3       org.gradle.api.internal.provider.sources.AbstractPropertyValueSource$Parameters_Decorated::<init> (9 bytes)
Event: 522.809 Thread 0x000001b842346000 nmethod 23846 0x000001b82f520790 code [0x000001b82f5209e0, 0x000001b82f521548]
Event: 523.304 Thread 0x000001b842346000 23847       3       org.gradle.internal.instantiation.generator.AsmBackedClassGenerator$ClassBuilderImpl::addExtensionsProperty (20 bytes)
Event: 523.306 Thread 0x000001b842346000 nmethod 23847 0x000001b82f521810 code [0x000001b82f521a20, 0x000001b82f521f88]
Event: 523.306 Thread 0x000001b842346000 23848       3       org.gradle.internal.instantiation.generator.AsmBackedClassGenerator$ClassBuilderImpl$$Lambda$134/0x00000001002fe840::get$Lambda (9 bytes)
Event: 523.306 Thread 0x000001b842346000 nmethod 23848 0x000001b82f522190 code [0x000001b82f522360, 0x000001b82f5225b8]
Event: 523.306 Thread 0x000001b842346000 23849       3       org.gradle.internal.instantiation.generator.AsmBackedClassGenerator$ClassBuilderImpl$$Lambda$134/0x00000001002fe840::<init> (10 bytes)
Event: 523.306 Thread 0x000001b842346000 nmethod 23849 0x000001b82f522690 code [0x000001b82f522840, 0x000001b82f5229f8]

GC Heap History (20 events):
Event: 263.452 GC heap after
{Heap after GC invocations=162 (full 0):
 garbage-first heap   total 334848K, used 122273K [0x0000000080000000, 0x0000000100000000)
  region size 1024K, 8 young (8192K), 8 survivors (8192K)
 Metaspace       used 116081K, capacity 118872K, committed 119032K, reserved 1153024K
  class space    used 14354K, capacity 15376K, committed 15436K, reserved 1048576K
}
Event: 264.781 GC heap before
{Heap before GC invocations=162 (full 0):
 garbage-first heap   total 334848K, used 285089K [0x0000000080000000, 0x0000000100000000)
  region size 1024K, 166 young (169984K), 8 survivors (8192K)
 Metaspace       used 116101K, capacity 118937K, committed 119032K, reserved 1153024K
  class space    used 14354K, capacity 15376K, committed 15436K, reserved 1048576K
}
Event: 264.789 GC heap after
{Heap after GC invocations=163 (full 0):
 garbage-first heap   total 334848K, used 116129K [0x0000000080000000, 0x0000000100000000)
  region size 1024K, 2 young (2048K), 2 survivors (2048K)
 Metaspace       used 116101K, capacity 118937K, committed 119032K, reserved 1153024K
  class space    used 14354K, capacity 15376K, committed 15436K, reserved 1048576K
}
Event: 266.052 GC heap before
{Heap before GC invocations=163 (full 0):
 garbage-first heap   total 334848K, used 282017K [0x0000000080000000, 0x0000000100000000)
  region size 1024K, 164 young (167936K), 2 survivors (2048K)
 Metaspace       used 116119K, capacity 118939K, committed 119032K, reserved 1153024K
  class space    used 14354K, capacity 15376K, committed 15436K, reserved 1048576K
}
Event: 266.058 GC heap after
{Heap after GC invocations=164 (full 0):
 garbage-first heap   total 334848K, used 115747K [0x0000000080000000, 0x0000000100000000)
  region size 1024K, 2 young (2048K), 2 survivors (2048K)
 Metaspace       used 116119K, capacity 118939K, committed 119032K, reserved 1153024K
  class space    used 14354K, capacity 15376K, committed 15436K, reserved 1048576K
}
Event: 267.628 GC heap before
{Heap before GC invocations=164 (full 0):
 garbage-first heap   total 334848K, used 282659K [0x0000000080000000, 0x0000000100000000)
  region size 1024K, 165 young (168960K), 2 survivors (2048K)
 Metaspace       used 116147K, capacity 118949K, committed 119032K, reserved 1153024K
  class space    used 14355K, capacity 15378K, committed 15436K, reserved 1048576K
}
Event: 267.645 GC heap after
{Heap after GC invocations=165 (full 0):
 garbage-first heap   total 334848K, used 119201K [0x0000000080000000, 0x0000000100000000)
  region size 1024K, 5 young (5120K), 5 survivors (5120K)
 Metaspace       used 116147K, capacity 118949K, committed 119032K, reserved 1153024K
  class space    used 14355K, capacity 15378K, committed 15436K, reserved 1048576K
}
Event: 270.176 GC heap before
{Heap before GC invocations=165 (full 0):
 garbage-first heap   total 334848K, used 284065K [0x0000000080000000, 0x0000000100000000)
  region size 1024K, 166 young (169984K), 5 survivors (5120K)
 Metaspace       used 116158K, capacity 118959K, committed 119032K, reserved 1153024K
  class space    used 14357K, capacity 15381K, committed 15436K, reserved 1048576K
}
Event: 270.189 GC heap after
{Heap after GC invocations=166 (full 0):
 garbage-first heap   total 334848K, used 118992K [0x0000000080000000, 0x0000000100000000)
  region size 1024K, 5 young (5120K), 5 survivors (5120K)
 Metaspace       used 116158K, capacity 118959K, committed 119032K, reserved 1153024K
  class space    used 14357K, capacity 15381K, committed 15436K, reserved 1048576K
}
Event: 271.252 GC heap before
{Heap before GC invocations=166 (full 0):
 garbage-first heap   total 334848K, used 285904K [0x0000000080000000, 0x0000000100000000)
  region size 1024K, 168 young (172032K), 5 survivors (5120K)
 Metaspace       used 116160K, capacity 118959K, committed 119032K, reserved 1153024K
  class space    used 14357K, capacity 15381K, committed 15436K, reserved 1048576K
}
Event: 271.262 GC heap after
{Heap after GC invocations=167 (full 0):
 garbage-first heap   total 334848K, used 118031K [0x0000000080000000, 0x0000000100000000)
  region size 1024K, 4 young (4096K), 4 survivors (4096K)
 Metaspace       used 116160K, capacity 118959K, committed 119032K, reserved 1153024K
  class space    used 14357K, capacity 15381K, committed 15436K, reserved 1048576K
}
Event: 276.931 GC heap before
{Heap before GC invocations=167 (full 0):
 garbage-first heap   total 334848K, used 286991K [0x0000000080000000, 0x0000000100000000)
  region size 1024K, 169 young (173056K), 4 survivors (4096K)
 Metaspace       used 116160K, capacity 118959K, committed 119032K, reserved 1153024K
  class space    used 14357K, capacity 15381K, committed 15436K, reserved 1048576K
}
Event: 276.950 GC heap after
{Heap after GC invocations=168 (full 0):
 garbage-first heap   total 334848K, used 117866K [0x0000000080000000, 0x0000000100000000)
  region size 1024K, 4 young (4096K), 4 survivors (4096K)
 Metaspace       used 116160K, capacity 118959K, committed 119032K, reserved 1153024K
  class space    used 14357K, capacity 15381K, committed 15436K, reserved 1048576K
}
Event: 289.697 GC heap before
{Heap before GC invocations=168 (full 0):
 garbage-first heap   total 334848K, used 160874K [0x0000000080000000, 0x0000000100000000)
  region size 1024K, 42 young (43008K), 4 survivors (4096K)
 Metaspace       used 116708K, capacity 119557K, committed 119672K, reserved 1153024K
  class space    used 14434K, capacity 15464K, committed 15564K, reserved 1048576K
}
Event: 289.767 GC heap after
{Heap after GC invocations=169 (full 0):
 garbage-first heap   total 334848K, used 123971K [0x0000000080000000, 0x0000000100000000)
  region size 1024K, 4 young (4096K), 4 survivors (4096K)
 Metaspace       used 116708K, capacity 119557K, committed 119672K, reserved 1153024K
  class space    used 14434K, capacity 15464K, committed 15564K, reserved 1048576K
}
Event: 299.917 GC heap before
{Heap before GC invocations=170 (full 0):
 garbage-first heap   total 334848K, used 299075K [0x0000000080000000, 0x0000000100000000)
  region size 1024K, 166 young (169984K), 4 survivors (4096K)
 Metaspace       used 117438K, capacity 120347K, committed 120440K, reserved 1155072K
  class space    used 14499K, capacity 15553K, committed 15564K, reserved 1048576K
}
Event: 300.237 GC heap after
{Heap after GC invocations=171 (full 0):
 garbage-first heap   total 345088K, used 166205K [0x0000000080000000, 0x0000000100000000)
  region size 1024K, 21 young (21504K), 21 survivors (21504K)
 Metaspace       used 117438K, capacity 120347K, committed 120440K, reserved 1155072K
  class space    used 14499K, capacity 15553K, committed 15564K, reserved 1048576K
}
Event: 300.301 GC heap before
{Heap before GC invocations=171 (full 0):
 garbage-first heap   total 345088K, used 167229K [0x0000000080000000, 0x0000000100000000)
  region size 1024K, 22 young (22528K), 21 survivors (21504K)
 Metaspace       used 117438K, capacity 120347K, committed 120440K, reserved 1155072K
  class space    used 14499K, capacity 15553K, committed 15564K, reserved 1048576K
}
Event: 300.461 GC heap after
{Heap after GC invocations=172 (full 0):
 garbage-first heap   total 345088K, used 146432K [0x0000000080000000, 0x0000000100000000)
  region size 1024K, 1 young (1024K), 1 survivors (1024K)
 Metaspace       used 117438K, capacity 120347K, committed 120440K, reserved 1155072K
  class space    used 14499K, capacity 15553K, committed 15564K, reserved 1048576K
}
Event: 523.669 GC heap before
{Heap before GC invocations=172 (full 0):
 garbage-first heap   total 345088K, used 279552K [0x0000000080000000, 0x0000000100000000)
  region size 1024K, 125 young (128000K), 1 survivors (1024K)
 Metaspace       used 124498K, capacity 127774K, committed 128120K, reserved 1161216K
  class space    used 15331K, capacity 16468K, committed 16588K, reserved 1048576K
}

Deoptimization events (20 events):
Event: 515.224 Thread 0x000001b8441e9000 Uncommon trap: trap_request=0xffffffc6 fr.pc=0x000001b833ac886c relative=0x000000000000020c
Event: 515.225 Thread 0x000001b8441e9000 Uncommon trap: reason=bimorphic_or_optimized_type_check action=maybe_recompile pc=0x000001b833ac886c method=com.google.common.base.CharMatcher.indexIn(Ljava/lang/CharSequence;I)I @ 31 c2
Event: 515.225 Thread 0x000001b8441e9000 DEOPT PACKING pc=0x000001b833ac886c sp=0x0000002ff51f8e90
Event: 515.225 Thread 0x000001b8441e9000 DEOPT UNPACKING pc=0x000001b82bf26ca9 sp=0x0000002ff51f8e38 mode 2
Event: 517.804 Thread 0x000001b8441e9000 Uncommon trap: trap_request=0xffffff4d fr.pc=0x000001b834426d0c relative=0x0000000000000dcc
Event: 517.805 Thread 0x000001b8441e9000 Uncommon trap: reason=unstable_if action=reinterpret pc=0x000001b834426d0c method=com.google.common.collect.MapMakerInternalMap$Segment.postReadCleanup()V @ 10 c2
Event: 517.805 Thread 0x000001b8441e9000 DEOPT PACKING pc=0x000001b834426d0c sp=0x0000002ff51f1b70
Event: 517.805 Thread 0x000001b8441e9000 DEOPT UNPACKING pc=0x000001b82bf26ca9 sp=0x0000002ff51f19f0 mode 2
Event: 517.813 Thread 0x000001b8441e9000 Uncommon trap: trap_request=0xffffff4d fr.pc=0x000001b83439c1e4 relative=0x00000000000002c4
Event: 517.813 Thread 0x000001b8441e9000 Uncommon trap: reason=unstable_if action=reinterpret pc=0x000001b83439c1e4 method=com.google.common.collect.MapMakerInternalMap$Segment.postReadCleanup()V @ 10 c2
Event: 517.813 Thread 0x000001b8441e9000 DEOPT PACKING pc=0x000001b83439c1e4 sp=0x0000002ff51eeab0
Event: 517.813 Thread 0x000001b8441e9000 DEOPT UNPACKING pc=0x000001b82bf26ca9 sp=0x0000002ff51ee998 mode 2
Event: 517.832 Thread 0x000001b8441e9000 Uncommon trap: trap_request=0xffffff4d fr.pc=0x000001b83436ccd8 relative=0x00000000000001d8
Event: 517.833 Thread 0x000001b8441e9000 Uncommon trap: reason=unstable_if action=reinterpret pc=0x000001b83436ccd8 method=com.google.common.collect.MapMakerInternalMap$Segment.postReadCleanup()V @ 10 c2
Event: 517.833 Thread 0x000001b8441e9000 DEOPT PACKING pc=0x000001b83436ccd8 sp=0x0000002ff51f4d50
Event: 517.833 Thread 0x000001b8441e9000 DEOPT UNPACKING pc=0x000001b82bf26ca9 sp=0x0000002ff51f4cc0 mode 2
Event: 522.235 Thread 0x000001b8441e9000 Uncommon trap: trap_request=0xffffff4d fr.pc=0x000001b8349d2d24 relative=0x00000000000001e4
Event: 522.235 Thread 0x000001b8441e9000 Uncommon trap: reason=unstable_if action=reinterpret pc=0x000001b8349d2d24 method=org.apache.xerces.dom.DeferredDocumentImpl.clearChunkValue([[Ljava/lang/Object;II)Ljava/lang/String; @ 59 c2
Event: 522.235 Thread 0x000001b8441e9000 DEOPT PACKING pc=0x000001b8349d2d24 sp=0x0000002ff51f7cc0
Event: 522.235 Thread 0x000001b8441e9000 DEOPT UNPACKING pc=0x000001b82bf26ca9 sp=0x0000002ff51f7c60 mode 2

Classes redefined (0 events):
No events

Internal exceptions (20 events):
Event: 516.292 Thread 0x000001b8441e9000 Exception <a 'java/security/PrivilegedActionException'{0x000000008e453248}> (0x000000008e453248) thrown at [./src/hotspot/share/prims/jvm.cpp, line 1306]
Event: 516.292 Thread 0x000001b8441e9000 Exception <a 'java/security/PrivilegedActionException'{0x000000008e454508}> (0x000000008e454508) thrown at [./src/hotspot/share/prims/jvm.cpp, line 1306]
Event: 516.293 Thread 0x000001b8441e9000 Exception <a 'java/security/PrivilegedActionException'{0x000000008e4571c0}> (0x000000008e4571c0) thrown at [./src/hotspot/share/prims/jvm.cpp, line 1306]
Event: 516.293 Thread 0x000001b8441e9000 Exception <a 'java/security/PrivilegedActionException'{0x000000008e458480}> (0x000000008e458480) thrown at [./src/hotspot/share/prims/jvm.cpp, line 1306]
Event: 516.293 Thread 0x000001b8441e9000 Exception <a 'java/security/PrivilegedActionException'{0x000000008e45b158}> (0x000000008e45b158) thrown at [./src/hotspot/share/prims/jvm.cpp, line 1306]
Event: 516.293 Thread 0x000001b8441e9000 Exception <a 'java/security/PrivilegedActionException'{0x000000008e45c418}> (0x000000008e45c418) thrown at [./src/hotspot/share/prims/jvm.cpp, line 1306]
Event: 516.294 Thread 0x000001b8441e9000 Exception <a 'java/security/PrivilegedActionException'{0x000000008e45f078}> (0x000000008e45f078) thrown at [./src/hotspot/share/prims/jvm.cpp, line 1306]
Event: 516.294 Thread 0x000001b8441e9000 Exception <a 'java/security/PrivilegedActionException'{0x000000008e460338}> (0x000000008e460338) thrown at [./src/hotspot/share/prims/jvm.cpp, line 1306]
Event: 516.459 Thread 0x000001b8441e9000 Exception <a 'java/security/PrivilegedActionException'{0x000000008e4ebc08}> (0x000000008e4ebc08) thrown at [./src/hotspot/share/prims/jvm.cpp, line 1306]
Event: 516.461 Thread 0x000001b8441e9000 Exception <a 'java/security/PrivilegedActionException'{0x000000008e4ecec8}> (0x000000008e4ecec8) thrown at [./src/hotspot/share/prims/jvm.cpp, line 1306]
Event: 516.461 Thread 0x000001b8441e9000 Exception <a 'java/security/PrivilegedActionException'{0x000000008e4efb28}> (0x000000008e4efb28) thrown at [./src/hotspot/share/prims/jvm.cpp, line 1306]
Event: 516.462 Thread 0x000001b8441e9000 Exception <a 'java/security/PrivilegedActionException'{0x000000008e4f0de8}> (0x000000008e4f0de8) thrown at [./src/hotspot/share/prims/jvm.cpp, line 1306]
Event: 516.462 Thread 0x000001b8441e9000 Exception <a 'java/security/PrivilegedActionException'{0x000000008e4f3b18}> (0x000000008e4f3b18) thrown at [./src/hotspot/share/prims/jvm.cpp, line 1306]
Event: 516.462 Thread 0x000001b8441e9000 Exception <a 'java/security/PrivilegedActionException'{0x000000008e4f4dd8}> (0x000000008e4f4dd8) thrown at [./src/hotspot/share/prims/jvm.cpp, line 1306]
Event: 516.463 Thread 0x000001b8441e9000 Exception <a 'java/security/PrivilegedActionException'{0x000000008e4f7cb0}> (0x000000008e4f7cb0) thrown at [./src/hotspot/share/prims/jvm.cpp, line 1306]
Event: 516.463 Thread 0x000001b8441e9000 Exception <a 'java/security/PrivilegedActionException'{0x000000008e4f8f70}> (0x000000008e4f8f70) thrown at [./src/hotspot/share/prims/jvm.cpp, line 1306]
Event: 516.463 Thread 0x000001b8441e9000 Exception <a 'java/security/PrivilegedActionException'{0x000000008e4fbc28}> (0x000000008e4fbc28) thrown at [./src/hotspot/share/prims/jvm.cpp, line 1306]
Event: 516.463 Thread 0x000001b8441e9000 Exception <a 'java/security/PrivilegedActionException'{0x000000008e4fcee8}> (0x000000008e4fcee8) thrown at [./src/hotspot/share/prims/jvm.cpp, line 1306]
Event: 516.463 Thread 0x000001b8441e9000 Exception <a 'java/security/PrivilegedActionException'{0x000000008e4ffc18}> (0x000000008e4ffc18) thrown at [./src/hotspot/share/prims/jvm.cpp, line 1306]
Event: 516.463 Thread 0x000001b8441e9000 Exception <a 'java/security/PrivilegedActionException'{0x000000008e301440}> (0x000000008e301440) thrown at [./src/hotspot/share/prims/jvm.cpp, line 1306]

Events (20 events):
Event: 521.576 Executing VM operation: Deoptimize done
Event: 521.587 Executing VM operation: Deoptimize
Event: 521.592 Executing VM operation: Deoptimize done
Event: 521.604 Executing VM operation: Deoptimize
Event: 521.610 Executing VM operation: Deoptimize done
Event: 522.194 Executing VM operation: Deoptimize
Event: 522.199 Executing VM operation: Deoptimize done
Event: 522.795 loading class org/gradle/api/Project
Event: 522.795 loading class org/gradle/api/Project done
Event: 522.824 loading class org/gradle/api/services/BuildServiceSpec
Event: 522.824 loading class org/gradle/api/services/BuildServiceSpec done
Event: 522.824 loading class org/gradle/api/services/BuildServiceSpec
Event: 522.824 loading class org/gradle/api/services/BuildServiceSpec done
Event: 522.824 loading class org/gradle/api/Action
Event: 522.824 loading class org/gradle/api/Action done
Event: 523.311 loading class org/gradle/api/services/BuildServiceSpec
Event: 523.311 loading class org/gradle/api/services/BuildServiceSpec done
Event: 523.311 loading class org/gradle/api/Action
Event: 523.311 loading class org/gradle/api/Action done
Event: 523.668 Executing VM operation: G1CollectForAllocation


Dynamic libraries:
0x00007ff60e790000 - 0x00007ff60e79a000 	C:\Program Files\Android\Android Studio\jre\bin\java.exe
0x00007ffed2810000 - 0x00007ffed2a05000 	C:\WINDOWS\SYSTEM32\ntdll.dll
0x00007ffed1900000 - 0x00007ffed19be000 	C:\WINDOWS\System32\KERNEL32.DLL
0x00007ffed0410000 - 0x00007ffed06d8000 	C:\WINDOWS\System32\KERNELBASE.dll
0x00007ffed0310000 - 0x00007ffed0410000 	C:\WINDOWS\System32\ucrtbase.dll
0x00007ffec8af0000 - 0x00007ffec8b09000 	C:\Program Files\Android\Android Studio\jre\bin\jli.dll
0x00007ffed0c10000 - 0x00007ffed0db1000 	C:\WINDOWS\System32\USER32.dll
0x00007ffecffd0000 - 0x00007ffecfff2000 	C:\WINDOWS\System32\win32u.dll
0x00007ffed1a40000 - 0x00007ffed1a6b000 	C:\WINDOWS\System32\GDI32.dll
0x00007ffed06e0000 - 0x00007ffed07ed000 	C:\WINDOWS\System32\gdi32full.dll
0x00007ffed0110000 - 0x00007ffed01ad000 	C:\WINDOWS\System32\msvcp_win.dll
0x00007ffec8760000 - 0x00007ffec8777000 	C:\Program Files\Android\Android Studio\jre\bin\VCRUNTIME140.dll
0x00007ffeb8860000 - 0x00007ffeb8afa000 	C:\WINDOWS\WinSxS\amd64_microsoft.windows.common-controls_6595b64144ccf1df_6.0.19041.1110_none_60b5254171f9507e\COMCTL32.dll
0x00007ffed0eb0000 - 0x00007ffed0f4e000 	C:\WINDOWS\System32\msvcrt.dll
0x00007ffed08b0000 - 0x00007ffed08e0000 	C:\WINDOWS\System32\IMM32.DLL
0x00007ffea5c10000 - 0x00007ffea5cad000 	C:\Program Files\Android\Android Studio\jre\bin\msvcp140.dll
0x00007ffe82ff0000 - 0x00007ffe83abf000 	C:\Program Files\Android\Android Studio\jre\bin\server\jvm.dll
0x00007ffed1a70000 - 0x00007ffed1b1e000 	C:\WINDOWS\System32\ADVAPI32.dll
0x00007ffed2720000 - 0x00007ffed27bc000 	C:\WINDOWS\System32\sechost.dll
0x00007ffed09b0000 - 0x00007ffed0ad5000 	C:\WINDOWS\System32\RPCRT4.dll
0x00007ffed27c0000 - 0x00007ffed27c8000 	C:\WINDOWS\System32\PSAPI.DLL
0x00007ffec7750000 - 0x00007ffec7759000 	C:\WINDOWS\SYSTEM32\WSOCK32.dll
0x00007ffed2230000 - 0x00007ffed229b000 	C:\WINDOWS\System32\WS2_32.dll
0x00007ffeba9e0000 - 0x00007ffebaa07000 	C:\WINDOWS\SYSTEM32\WINMM.dll
0x00007ffec0ca0000 - 0x00007ffec0caa000 	C:\WINDOWS\SYSTEM32\VERSION.dll
0x00007ffece7f0000 - 0x00007ffece802000 	C:\WINDOWS\SYSTEM32\kernel.appcore.dll
0x00007ffebac30000 - 0x00007ffebac41000 	C:\Program Files\Android\Android Studio\jre\bin\verify.dll
0x00007ffece430000 - 0x00007ffece614000 	C:\WINDOWS\SYSTEM32\DBGHELP.DLL
0x00007ffebf6c0000 - 0x00007ffebf6ec000 	C:\WINDOWS\SYSTEM32\dbgcore.DLL
0x00007ffed0080000 - 0x00007ffed0102000 	C:\WINDOWS\System32\bcryptPrimitives.dll
0x00007ffeba9b0000 - 0x00007ffeba9d9000 	C:\Program Files\Android\Android Studio\jre\bin\java.dll
0x00007ffec7760000 - 0x00007ffec776b000 	C:\Program Files\Android\Android Studio\jre\bin\jimage.dll
0x00007ffeba990000 - 0x00007ffeba9a8000 	C:\Program Files\Android\Android Studio\jre\bin\zip.dll
0x00007ffed1090000 - 0x00007ffed17d4000 	C:\WINDOWS\System32\SHELL32.dll
0x00007ffecdb70000 - 0x00007ffece305000 	C:\WINDOWS\SYSTEM32\windows.storage.dll
0x00007ffed1d80000 - 0x00007ffed20d5000 	C:\WINDOWS\System32\combase.dll
0x00007ffecf8a0000 - 0x00007ffecf8ce000 	C:\WINDOWS\SYSTEM32\Wldp.dll
0x00007ffed0fe0000 - 0x00007ffed108d000 	C:\WINDOWS\System32\SHCORE.dll
0x00007ffed19c0000 - 0x00007ffed1a15000 	C:\WINDOWS\System32\shlwapi.dll
0x00007ffecfe60000 - 0x00007ffecfe7f000 	C:\WINDOWS\SYSTEM32\profapi.dll
0x00007ffeb71c0000 - 0x00007ffeb71da000 	C:\Program Files\Android\Android Studio\jre\bin\net.dll
0x00007ffec0e90000 - 0x00007ffec0f9c000 	C:\WINDOWS\SYSTEM32\WINHTTP.dll
0x00007ffecf600000 - 0x00007ffecf66a000 	C:\WINDOWS\system32\mswsock.dll
0x00007ffeb71a0000 - 0x00007ffeb71b4000 	C:\Program Files\Android\Android Studio\jre\bin\nio.dll
0x00007ffeb7e40000 - 0x00007ffeb7e67000 	C:\Users\dev-christ\.gradle\native\8bec1ad78214c89d9ad589b4d07fe93259594b29d510b10fafb7a158f7737e5d\windows-amd64\native-platform.dll
0x00007ffe87260000 - 0x00007ffe8739d000 	C:\Users\dev-christ\.gradle\native\53dbd7edfb1c66fb8903c78663c9afc45aea4f116125fa6feffd364cf09443e8\windows-amd64\native-platform-file-events.dll
0x00007ffeb7aa0000 - 0x00007ffeb7aaa000 	C:\Program Files\Android\Android Studio\jre\bin\management.dll
0x00007ffeb7150000 - 0x00007ffeb715c000 	C:\Program Files\Android\Android Studio\jre\bin\management_ext.dll
0x00007ffecf800000 - 0x00007ffecf818000 	C:\WINDOWS\SYSTEM32\CRYPTSP.dll
0x00007ffecef80000 - 0x00007ffecefb4000 	C:\WINDOWS\system32\rsaenh.dll
0x00007ffed0000000 - 0x00007ffed0027000 	C:\WINDOWS\System32\bcrypt.dll
0x00007ffecfde0000 - 0x00007ffecfe0e000 	C:\WINDOWS\SYSTEM32\USERENV.dll
0x00007ffecf7f0000 - 0x00007ffecf7fc000 	C:\WINDOWS\SYSTEM32\CRYPTBASE.dll
0x00007ffecf2f0000 - 0x00007ffecf32b000 	C:\WINDOWS\SYSTEM32\IPHLPAPI.DLL
0x00007ffed21c0000 - 0x00007ffed21c8000 	C:\WINDOWS\System32\NSI.dll
0x00007ffec0c80000 - 0x00007ffec0c97000 	C:\WINDOWS\SYSTEM32\dhcpcsvc6.DLL
0x00007ffec13d0000 - 0x00007ffec13ed000 	C:\WINDOWS\SYSTEM32\dhcpcsvc.DLL
0x00007ffecf330000 - 0x00007ffecf3fb000 	C:\WINDOWS\SYSTEM32\DNSAPI.dll
0x00007ffeb3970000 - 0x00007ffeb3997000 	C:\Program Files\Android\Android Studio\jre\bin\sunec.dll
0x00007ffec16f0000 - 0x00007ffec16fa000 	C:\Windows\System32\rasadhlp.dll
0x00007ffeb7ed0000 - 0x00007ffeb7f4f000 	C:\WINDOWS\System32\fwpuclnt.dll
0x00007ffecec50000 - 0x00007ffecec83000 	C:\WINDOWS\SYSTEM32\ntmarta.dll

dbghelp: loaded successfully - version: 4.0.5 - missing functions: none
symbol engine: initialized successfully - sym options: 0x614 - pdb path: .;C:\Program Files\Android\Android Studio\jre\bin;C:\WINDOWS\SYSTEM32;C:\WINDOWS\WinSxS\amd64_microsoft.windows.common-controls_6595b64144ccf1df_6.0.19041.1110_none_60b5254171f9507e;C:\Program Files\Android\Android Studio\jre\bin\server;C:\Users\dev-christ\.gradle\native\8bec1ad78214c89d9ad589b4d07fe93259594b29d510b10fafb7a158f7737e5d\windows-amd64;C:\Users\dev-christ\.gradle\native\53dbd7edfb1c66fb8903c78663c9afc45aea4f116125fa6feffd364cf09443e8\windows-amd64

VM Arguments:
jvm_args: --add-opens=java.base/java.util=ALL-UNNAMED --add-opens=java.base/java.lang=ALL-UNNAMED --add-opens=java.base/java.lang.invoke=ALL-UNNAMED --add-opens=java.base/java.util=ALL-UNNAMED --add-opens=java.prefs/java.util.prefs=ALL-UNNAMED --add-opens=java.prefs/java.util.prefs=ALL-UNNAMED --add-opens=java.base/java.nio.charset=ALL-UNNAMED --add-opens=java.base/java.net=ALL-UNNAMED --add-opens=java.base/java.util.concurrent.atomic=ALL-UNNAMED -Xmx2048m -Dfile.encoding=UTF-8 -Duser.country=FR -Duser.language=fr -Duser.variant 
java_command: org.gradle.launcher.daemon.bootstrap.GradleDaemon 7.0.2
java_class_path (initial): C:\Users\dev-christ\.gradle\wrapper\dists\gradle-7.0.2-bin\857tjihv64xamwrf0h14cai3r\gradle-7.0.2\lib\gradle-launcher-7.0.2.jar
Launcher Type: SUN_STANDARD

[Global flags]
     intx CICompilerCount                          = 2                                         {product} {ergonomic}
     uint ConcGCThreads                            = 1                                         {product} {ergonomic}
     uint G1ConcRefinementThreads                  = 2                                         {product} {ergonomic}
   size_t G1HeapRegionSize                         = 1048576                                   {product} {ergonomic}
    uintx GCDrainStackTargetSize                   = 64                                        {product} {ergonomic}
   size_t InitialHeapSize                          = 65011712                                  {product} {ergonomic}
   size_t MarkStackSize                            = 4194304                                   {product} {ergonomic}
   size_t MaxHeapSize                              = 2147483648                                {product} {command line}
   size_t MaxNewSize                               = 1287651328                                {product} {ergonomic}
   size_t MinHeapDeltaBytes                        = 1048576                                   {product} {ergonomic}
    uintx NonNMethodCodeHeapSize                   = 5825164                                {pd product} {ergonomic}
    uintx NonProfiledCodeHeapSize                  = 122916538                              {pd product} {ergonomic}
    uintx ProfiledCodeHeapSize                     = 122916538                              {pd product} {ergonomic}
    uintx ReservedCodeCacheSize                    = 251658240                              {pd product} {ergonomic}
     bool SegmentedCodeCache                       = true                                      {product} {ergonomic}
     bool UseCompressedClassPointers               = true                                 {lp64_product} {ergonomic}
     bool UseCompressedOops                        = true                                 {lp64_product} {ergonomic}
     bool UseG1GC                                  = true                                      {product} {ergonomic}
     bool UseLargePagesIndividualAllocation        = false                                  {pd product} {ergonomic}

Logging:
Log output configuration:
 #0: stdout all=warning uptime,level,tags
 #1: stderr all=off uptime,level,tags

Environment Variables:
PATH=C:\Program Files\Common Files\Oracle\Java\javapath;C:\Python310\Scripts\;C:\Python310\;C:\WINDOWS\system32;C:\WINDOWS;C:\WINDOWS\System32\Wbem;C:\WINDOWS\System32\WindowsPowerShell\v1.0\;C:\WINDOWS\System32\OpenSSH\;C:\ProgramData\ComposerSetup\bin;C:\ProgramData\chocolatey\bin;E:\app\nodeJs\;C:\Users\dev-christ\AppData\Local\Microsoft\WindowsApps;E:\Dossier Serveur\php-7.4.24-nts-Win32-vc15-x64;C:\Users\dev-christ\AppData\Roaming\Composer\vendor\bin;C:\Users\dev-christ\AppData\Roaming\npm;E:\Git\git-cmd;E:\Git\bin;C:\Program Files\MongoDB\Server\5.0\bin;C:\Program Files\JetBrains\IntelliJ IDEA Community Edition 2021.2.3\bin;;C:\Program Files\JetBrains\PyCharm Community Edition 2021.2.3\bin;;C:\Users\dev-christ\PycharmProjects\pythonProject\venv\Scripts;C:\apache-tomcat-8.5.73\bin;
USERNAME=dev-christ
OS=Windows_NT
PROCESSOR_IDENTIFIER=Intel64 Family 6 Model 122 Stepping 1, GenuineIntel



---------------  S Y S T E M  ---------------

OS: Windows 10 , 64 bit Build 19041 (10.0.19041.1466)
OS uptime: 1 days 23:09 hours

CPU:total 2 (initial active 2) (2 cores per cpu, 1 threads per core) family 6 model 122 stepping 1 microcode 0x2e, cmov, cx8, fxsr, mmx, sse, sse2, sse3, ssse3, sse4.1, sse4.2, popcnt, aes, clmul, erms, 3dnowpref, tsc, tscinvbit, sha

Memory: 4k page, system-wide physical 3917M (186M free)
TotalPageFile size 10436M (AvailPageFile size 3M)
current process WorkingSet (physical memory assigned to process): 215M, peak: 680M
current process commit charge ("private bytes"): 717M, peak: 733M

vm_info: OpenJDK 64-Bit Server VM (11.0.10+0-b96-7249189) for windows-amd64 JRE (11.0.10+0-b96-7249189), built on Mar 31 2021 21:44:00 by "builder" with MS VC++ 14.0 (VS2015)

END.
